>> Running Gmsh...
   GEO: /Users/brisarojas/Desktop/phantom_simulation/run_two_spheres/spheres_meshing.geo
   XAO: /Users/brisarojas/Desktop/phantom_simulation/run_two_spheres/model.xao
   OUT: /Users/brisarojas/Desktop/phantom_simulation/run_two_spheres/mesh.msh
Info    : Running '/Users/brisarojas/micromamba/envs/env/bin/gmsh /Users/brisarojas/Desktop/phantom_simulation/run_two_spheres/spheres_meshing.geo -v 4 -' [Gmsh 4.15.0, 1 node, max. 1 thread]
Info    : Started on Sun Jan  4 20:09:30 2026
Info    : Reading '/Users/brisarojas/Desktop/phantom_simulation/run_two_spheres/spheres_meshing.geo'...
Info    : Reading '/Users/brisarojas/Desktop/phantom_simulation/run_two_spheres/model.xao'...
Info    : Done reading '/Users/brisarojas/Desktop/phantom_simulation/run_two_spheres/model.xao'
>> Loaded geometry: Volumes=2, Surfaces=3
Info    : Meshing 1D...
Info    : [ 20%] Meshing curve 2 (TrimmedCurve)
Info    : [ 50%] Meshing curve 5 (TrimmedCurve)
Info    : [ 80%] Meshing curve 8 (TrimmedCurve)
Info    : Done meshing 1D (Wall 0.00989067s, CPU 0.009643s)
Info    : Meshing 2D...
Info    : [  0%] Meshing surface 1 (BSpline surface, Frontal-Delaunay)
Info    : [ 40%] Meshing surface 2 (BSpline surface, Frontal-Delaunay)
Info    : [ 70%] Meshing surface 3 (BSpline surface, Frontal-Delaunay)
Info    : Done meshing 2D (Wall 13.1232s, CPU 12.5609s)
Info    : Meshing 3D...
Info    : 3D Meshing 2 volumes with 1 connected component
Info    : Tetrahedrizing 89020 nodes...
Info    : Done tetrahedrizing 89028 nodes (Wall 0.540223s, CPU 0.532785s)
Info    : Reconstructing mesh...
Info    :  - Creating surface mesh
Info    :  - Identifying boundary edges
Info    :  - Recovering boundary
Info    : Done reconstructing mesh (Wall 2.19391s, CPU 2.12491s)
Info    : Found volume 1
Info    : Found void region
Info    : Found volume 2
Info    : It. 0 - 0 nodes created - worst tet radius 30.7217 (nodes removed 0 0)
Info    : It. 500 - 500 nodes created - worst tet radius 8.80183 (nodes removed 0 0)
Info    : It. 1000 - 1000 nodes created - worst tet radius 7.09618 (nodes removed 0 0)
Info    : It. 1500 - 1500 nodes created - worst tet radius 6.25712 (nodes removed 0 0)
Info    : It. 2000 - 2000 nodes created - worst tet radius 5.75007 (nodes removed 0 0)
Info    : It. 2500 - 2500 nodes created - worst tet radius 5.38102 (nodes removed 0 0)
Info    : It. 3000 - 3000 nodes created - worst tet radius 5.07385 (nodes removed 0 0)
Info    : It. 3500 - 3500 nodes created - worst tet radius 4.82871 (nodes removed 0 0)
Info    : It. 4000 - 4000 nodes created - worst tet radius 4.63291 (nodes removed 0 0)
Info    : It. 4500 - 4500 nodes created - worst tet radius 4.45194 (nodes removed 0 0)
Info    : It. 5000 - 5000 nodes created - worst tet radius 4.29804 (nodes removed 0 0)
Info    : It. 5500 - 5500 nodes created - worst tet radius 4.17589 (nodes removed 0 0)
Info    : It. 6000 - 6000 nodes created - worst tet radius 4.06449 (nodes removed 0 0)
Info    : It. 6500 - 6500 nodes created - worst tet radius 3.96596 (nodes removed 0 0)
Info    : It. 7000 - 7000 nodes created - worst tet radius 3.87451 (nodes removed 0 0)
Info    : It. 7500 - 7500 nodes created - worst tet radius 3.78915 (nodes removed 0 0)
Info    : It. 8000 - 8000 nodes created - worst tet radius 3.70816 (nodes removed 0 0)
Info    : It. 8500 - 8500 nodes created - worst tet radius 3.63938 (nodes removed 0 0)
Info    : It. 9000 - 9000 nodes created - worst tet radius 3.57463 (nodes removed 0 0)
Info    : It. 9500 - 9500 nodes created - worst tet radius 3.51259 (nodes removed 0 0)
Info    : It. 10000 - 10000 nodes created - worst tet radius 3.45521 (nodes removed 0 0)
Info    : It. 10500 - 10500 nodes created - worst tet radius 3.40057 (nodes removed 0 0)
Info    : It. 11000 - 11000 nodes created - worst tet radius 3.35287 (nodes removed 0 0)
Info    : It. 11500 - 11500 nodes created - worst tet radius 3.3046 (nodes removed 0 0)
Info    : It. 12000 - 12000 nodes created - worst tet radius 3.25943 (nodes removed 0 0)
Info    : It. 12500 - 12500 nodes created - worst tet radius 3.21983 (nodes removed 0 0)
Info    : It. 13000 - 13000 nodes created - worst tet radius 3.18249 (nodes removed 0 0)
Info    : It. 13500 - 13500 nodes created - worst tet radius 3.14518 (nodes removed 0 0)
Info    : It. 14000 - 14000 nodes created - worst tet radius 3.10716 (nodes removed 0 0)
Info    : It. 14500 - 14500 nodes created - worst tet radius 3.07235 (nodes removed 0 0)
Info    : It. 15000 - 15000 nodes created - worst tet radius 3.03846 (nodes removed 0 0)
Info    : It. 15500 - 15500 nodes created - worst tet radius 3.00476 (nodes removed 0 0)
Info    : It. 16000 - 16000 nodes created - worst tet radius 2.97329 (nodes removed 0 0)
Info    : It. 16500 - 16500 nodes created - worst tet radius 2.94468 (nodes removed 0 0)
Info    : It. 17000 - 17000 nodes created - worst tet radius 2.91551 (nodes removed 0 0)
Info    : It. 17500 - 17500 nodes created - worst tet radius 2.8909 (nodes removed 0 0)
Info    : It. 18000 - 18000 nodes created - worst tet radius 2.86361 (nodes removed 0 0)
Info    : It. 18500 - 18500 nodes created - worst tet radius 2.83648 (nodes removed 0 0)
Info    : It. 19000 - 19000 nodes created - worst tet radius 2.80959 (nodes removed 0 0)
Info    : It. 19500 - 19500 nodes created - worst tet radius 2.78586 (nodes removed 0 0)
Info    : It. 20000 - 20000 nodes created - worst tet radius 2.76252 (nodes removed 0 0)
Info    : It. 20500 - 20500 nodes created - worst tet radius 2.74063 (nodes removed 0 0)
Info    : It. 21000 - 21000 nodes created - worst tet radius 2.72017 (nodes removed 0 0)
Info    : It. 21500 - 21500 nodes created - worst tet radius 2.69972 (nodes removed 0 0)
Info    : It. 22000 - 22000 nodes created - worst tet radius 2.68084 (nodes removed 0 0)
Info    : It. 22500 - 22500 nodes created - worst tet radius 2.66221 (nodes removed 0 0)
Info    : It. 23000 - 23000 nodes created - worst tet radius 2.64335 (nodes removed 0 0)
Info    : It. 23500 - 23500 nodes created - worst tet radius 2.62568 (nodes removed 0 0)
Info    : It. 24000 - 24000 nodes created - worst tet radius 2.60838 (nodes removed 0 0)
Info    : It. 24500 - 24500 nodes created - worst tet radius 2.59125 (nodes removed 0 0)
Info    : It. 25000 - 25000 nodes created - worst tet radius 2.57433 (nodes removed 0 0)
Info    : It. 25500 - 25500 nodes created - worst tet radius 2.5588 (nodes removed 0 0)
Info    : It. 26000 - 26000 nodes created - worst tet radius 2.54353 (nodes removed 0 0)
Info    : It. 26500 - 26500 nodes created - worst tet radius 2.52793 (nodes removed 0 0)
Info    : It. 27000 - 27000 nodes created - worst tet radius 2.51228 (nodes removed 0 0)
Info    : It. 27500 - 27500 nodes created - worst tet radius 2.4976 (nodes removed 0 0)
Info    : It. 28000 - 28000 nodes created - worst tet radius 2.48356 (nodes removed 0 0)
Info    : It. 28500 - 28500 nodes created - worst tet radius 2.46847 (nodes removed 0 0)
Info    : It. 29000 - 29000 nodes created - worst tet radius 2.45335 (nodes removed 0 0)
Info    : It. 29500 - 29500 nodes created - worst tet radius 2.44116 (nodes removed 0 0)
Info    : It. 30000 - 30000 nodes created - worst tet radius 2.42697 (nodes removed 0 0)
Info    : It. 30500 - 30500 nodes created - worst tet radius 2.41417 (nodes removed 0 0)
Info    : It. 31000 - 31000 nodes created - worst tet radius 2.4015 (nodes removed 0 0)
Info    : It. 31500 - 31500 nodes created - worst tet radius 2.38906 (nodes removed 0 0)
Info    : It. 32000 - 32000 nodes created - worst tet radius 2.37616 (nodes removed 0 0)
Info    : It. 32500 - 32500 nodes created - worst tet radius 2.36369 (nodes removed 0 0)
Info    : It. 33000 - 33000 nodes created - worst tet radius 2.35275 (nodes removed 0 0)
Info    : It. 33500 - 33500 nodes created - worst tet radius 2.34089 (nodes removed 0 0)
Info    : It. 34000 - 34000 nodes created - worst tet radius 2.32956 (nodes removed 0 0)
Info    : It. 34500 - 34500 nodes created - worst tet radius 2.31893 (nodes removed 0 0)
Info    : It. 35000 - 35000 nodes created - worst tet radius 2.30755 (nodes removed 0 0)
Info    : It. 35500 - 35500 nodes created - worst tet radius 2.29666 (nodes removed 0 0)
Info    : It. 36000 - 36000 nodes created - worst tet radius 2.28589 (nodes removed 0 0)
Info    : It. 36500 - 36500 nodes created - worst tet radius 2.27586 (nodes removed 0 0)
Info    : It. 37000 - 37000 nodes created - worst tet radius 2.26683 (nodes removed 0 0)
Info    : It. 37500 - 37500 nodes created - worst tet radius 2.2565 (nodes removed 0 0)
Info    : It. 38000 - 38000 nodes created - worst tet radius 2.24686 (nodes removed 0 0)
Info    : It. 38500 - 38500 nodes created - worst tet radius 2.23772 (nodes removed 0 0)
Info    : It. 39000 - 39000 nodes created - worst tet radius 2.22858 (nodes removed 0 0)
Info    : It. 39500 - 39500 nodes created - worst tet radius 2.21946 (nodes removed 0 0)
Info    : It. 40000 - 40000 nodes created - worst tet radius 2.21027 (nodes removed 0 0)
Info    : It. 40500 - 40500 nodes created - worst tet radius 2.20203 (nodes removed 0 0)
Info    : It. 41000 - 41000 nodes created - worst tet radius 2.19349 (nodes removed 0 0)
Info    : It. 41500 - 41500 nodes created - worst tet radius 2.1845 (nodes removed 0 0)
Info    : It. 42000 - 42000 nodes created - worst tet radius 2.17562 (nodes removed 0 0)
Info    : It. 42500 - 42500 nodes created - worst tet radius 2.1673 (nodes removed 0 0)
Info    : It. 43000 - 43000 nodes created - worst tet radius 2.15978 (nodes removed 0 0)
Info    : It. 43500 - 43500 nodes created - worst tet radius 2.15261 (nodes removed 0 0)
Info    : It. 44000 - 44000 nodes created - worst tet radius 2.14459 (nodes removed 0 0)
Info    : It. 44500 - 44500 nodes created - worst tet radius 2.13697 (nodes removed 0 0)
Info    : It. 45000 - 45000 nodes created - worst tet radius 2.12972 (nodes removed 0 0)
Info    : It. 45500 - 45500 nodes created - worst tet radius 2.12251 (nodes removed 0 0)
Info    : It. 46000 - 46000 nodes created - worst tet radius 2.11524 (nodes removed 0 0)
Info    : It. 46500 - 46500 nodes created - worst tet radius 2.10771 (nodes removed 0 0)
Info    : It. 47000 - 47000 nodes created - worst tet radius 2.09972 (nodes removed 0 0)
Info    : It. 47500 - 47500 nodes created - worst tet radius 2.09267 (nodes removed 0 0)
Info    : It. 48000 - 48000 nodes created - worst tet radius 2.08513 (nodes removed 0 0)
Info    : It. 48500 - 48500 nodes created - worst tet radius 2.07863 (nodes removed 0 0)
Info    : It. 49000 - 49000 nodes created - worst tet radius 2.07162 (nodes removed 0 0)
Info    : It. 49500 - 49500 nodes created - worst tet radius 2.06455 (nodes removed 0 0)
Info    : It. 50000 - 50000 nodes created - worst tet radius 2.0575 (nodes removed 0 0)
Info    : It. 50500 - 50500 nodes created - worst tet radius 2.05043 (nodes removed 0 0)
Info    : It. 51000 - 51000 nodes created - worst tet radius 2.04363 (nodes removed 0 0)
Info    : It. 51500 - 51500 nodes created - worst tet radius 2.03706 (nodes removed 0 0)
Info    : It. 52000 - 52000 nodes created - worst tet radius 2.03023 (nodes removed 0 0)
Info    : It. 52500 - 52500 nodes created - worst tet radius 2.02357 (nodes removed 0 0)
Info    : It. 53000 - 53000 nodes created - worst tet radius 2.01773 (nodes removed 0 0)
Info    : It. 53500 - 53500 nodes created - worst tet radius 2.01151 (nodes removed 0 0)
Info    : It. 54000 - 54000 nodes created - worst tet radius 2.0053 (nodes removed 0 0)
Info    : It. 54500 - 54500 nodes created - worst tet radius 1.99934 (nodes removed 0 0)
Info    : It. 55000 - 55000 nodes created - worst tet radius 1.99332 (nodes removed 0 0)
Info    : It. 55500 - 55500 nodes created - worst tet radius 1.98798 (nodes removed 0 0)
Info    : It. 56000 - 56000 nodes created - worst tet radius 1.98245 (nodes removed 0 0)
Info    : It. 56500 - 56500 nodes created - worst tet radius 1.97708 (nodes removed 0 0)
Info    : It. 57000 - 57000 nodes created - worst tet radius 1.97148 (nodes removed 0 0)
Info    : It. 57500 - 57500 nodes created - worst tet radius 1.96537 (nodes removed 0 0)
Info    : It. 58000 - 58000 nodes created - worst tet radius 1.95996 (nodes removed 0 0)
Info    : It. 58500 - 58500 nodes created - worst tet radius 1.95433 (nodes removed 0 0)
Info    : It. 59000 - 59000 nodes created - worst tet radius 1.9487 (nodes removed 0 0)
Info    : It. 59500 - 59500 nodes created - worst tet radius 1.9434 (nodes removed 0 0)
Info    : It. 60000 - 60000 nodes created - worst tet radius 1.93803 (nodes removed 0 0)
Info    : It. 60500 - 60500 nodes created - worst tet radius 1.93278 (nodes removed 0 0)
Info    : It. 61000 - 61000 nodes created - worst tet radius 1.92755 (nodes removed 0 0)
Info    : It. 61500 - 61500 nodes created - worst tet radius 1.92205 (nodes removed 0 0)
Info    : It. 62000 - 62000 nodes created - worst tet radius 1.91668 (nodes removed 0 0)
Info    : It. 62500 - 62500 nodes created - worst tet radius 1.91171 (nodes removed 0 0)
Info    : It. 63000 - 63000 nodes created - worst tet radius 1.907 (nodes removed 0 0)
Info    : It. 63500 - 63500 nodes created - worst tet radius 1.90218 (nodes removed 0 0)
Info    : It. 64000 - 64000 nodes created - worst tet radius 1.89747 (nodes removed 0 0)
Info    : It. 64500 - 64500 nodes created - worst tet radius 1.8927 (nodes removed 0 0)
Info    : It. 65000 - 65000 nodes created - worst tet radius 1.88809 (nodes removed 0 0)
Info    : It. 65500 - 65500 nodes created - worst tet radius 1.88358 (nodes removed 0 0)
Info    : It. 66000 - 66000 nodes created - worst tet radius 1.87883 (nodes removed 0 0)
Info    : It. 66500 - 66500 nodes created - worst tet radius 1.87447 (nodes removed 0 0)
Info    : It. 67000 - 67000 nodes created - worst tet radius 1.86987 (nodes removed 0 0)
Info    : It. 67500 - 67500 nodes created - worst tet radius 1.86528 (nodes removed 0 0)
Info    : It. 68000 - 68000 nodes created - worst tet radius 1.8606 (nodes removed 0 0)
Info    : It. 68500 - 68500 nodes created - worst tet radius 1.85645 (nodes removed 0 0)
Info    : It. 69000 - 69000 nodes created - worst tet radius 1.85243 (nodes removed 0 0)
Info    : It. 69500 - 69500 nodes created - worst tet radius 1.84813 (nodes removed 0 0)
Info    : It. 70000 - 70000 nodes created - worst tet radius 1.84373 (nodes removed 0 0)
Info    : It. 70500 - 70500 nodes created - worst tet radius 1.83936 (nodes removed 0 0)
Info    : It. 71000 - 71000 nodes created - worst tet radius 1.83534 (nodes removed 0 0)
Info    : It. 71500 - 71500 nodes created - worst tet radius 1.83097 (nodes removed 0 0)
Info    : It. 72000 - 72000 nodes created - worst tet radius 1.82679 (nodes removed 0 0)
Info    : It. 72500 - 72500 nodes created - worst tet radius 1.82241 (nodes removed 0 0)
Info    : It. 73000 - 73000 nodes created - worst tet radius 1.8183 (nodes removed 0 0)
Info    : It. 73500 - 73500 nodes created - worst tet radius 1.81441 (nodes removed 0 0)
Info    : It. 74000 - 74000 nodes created - worst tet radius 1.81028 (nodes removed 0 0)
Info    : It. 74500 - 74500 nodes created - worst tet radius 1.80633 (nodes removed 0 0)
Info    : It. 75000 - 75000 nodes created - worst tet radius 1.80264 (nodes removed 0 0)
Info    : It. 75500 - 75500 nodes created - worst tet radius 1.79882 (nodes removed 0 0)
Info    : It. 76000 - 76000 nodes created - worst tet radius 1.79479 (nodes removed 0 0)
Info    : It. 76500 - 76500 nodes created - worst tet radius 1.79099 (nodes removed 0 0)
Info    : It. 77000 - 77000 nodes created - worst tet radius 1.78732 (nodes removed 0 0)
Info    : It. 77500 - 77500 nodes created - worst tet radius 1.78368 (nodes removed 0 0)
Info    : It. 78000 - 78000 nodes created - worst tet radius 1.77958 (nodes removed 0 0)
Info    : It. 78500 - 78500 nodes created - worst tet radius 1.77584 (nodes removed 0 0)
Info    : It. 79000 - 79000 nodes created - worst tet radius 1.77201 (nodes removed 0 0)
Info    : It. 79500 - 79500 nodes created - worst tet radius 1.76831 (nodes removed 0 0)
Info    : It. 80000 - 80000 nodes created - worst tet radius 1.76469 (nodes removed 0 0)
Info    : It. 80500 - 80500 nodes created - worst tet radius 1.76091 (nodes removed 0 0)
Info    : It. 81000 - 81000 nodes created - worst tet radius 1.75722 (nodes removed 0 0)
Info    : It. 81500 - 81500 nodes created - worst tet radius 1.75377 (nodes removed 0 0)
Info    : It. 82000 - 82000 nodes created - worst tet radius 1.75026 (nodes removed 0 0)
Info    : It. 82500 - 82500 nodes created - worst tet radius 1.74702 (nodes removed 0 0)
Info    : It. 83000 - 83000 nodes created - worst tet radius 1.74353 (nodes removed 0 0)
Info    : It. 83500 - 83500 nodes created - worst tet radius 1.73999 (nodes removed 0 0)
Info    : It. 84000 - 84000 nodes created - worst tet radius 1.73667 (nodes removed 0 0)
Info    : It. 84500 - 84500 nodes created - worst tet radius 1.73324 (nodes removed 0 0)
Info    : It. 85000 - 85000 nodes created - worst tet radius 1.72982 (nodes removed 0 0)
Info    : It. 85500 - 85500 nodes created - worst tet radius 1.72655 (nodes removed 0 0)
Info    : It. 86000 - 86000 nodes created - worst tet radius 1.72324 (nodes removed 0 0)
Info    : It. 86500 - 86500 nodes created - worst tet radius 1.72005 (nodes removed 0 0)
Info    : It. 87000 - 87000 nodes created - worst tet radius 1.71668 (nodes removed 0 0)
Info    : It. 87500 - 87500 nodes created - worst tet radius 1.71362 (nodes removed 0 0)
Info    : It. 88000 - 88000 nodes created - worst tet radius 1.71044 (nodes removed 0 0)
Info    : It. 88500 - 88500 nodes created - worst tet radius 1.70697 (nodes removed 0 0)
Info    : It. 89000 - 89000 nodes created - worst tet radius 1.70364 (nodes removed 0 0)
Info    : It. 89500 - 89500 nodes created - worst tet radius 1.70072 (nodes removed 0 0)
Info    : It. 90000 - 90000 nodes created - worst tet radius 1.69767 (nodes removed 0 0)
Info    : It. 90500 - 90500 nodes created - worst tet radius 1.69433 (nodes removed 0 0)
Info    : It. 91000 - 91000 nodes created - worst tet radius 1.69145 (nodes removed 0 0)
Info    : It. 91500 - 91500 nodes created - worst tet radius 1.68853 (nodes removed 0 0)
Info    : It. 92000 - 92000 nodes created - worst tet radius 1.68559 (nodes removed 0 0)
Info    : It. 92500 - 92500 nodes created - worst tet radius 1.68274 (nodes removed 0 0)
Info    : It. 93000 - 93000 nodes created - worst tet radius 1.67974 (nodes removed 0 0)
Info    : It. 93500 - 93500 nodes created - worst tet radius 1.67675 (nodes removed 0 0)
Info    : It. 94000 - 94000 nodes created - worst tet radius 1.67407 (nodes removed 0 0)
Info    : It. 94500 - 94500 nodes created - worst tet radius 1.67137 (nodes removed 0 0)
Info    : It. 95000 - 95000 nodes created - worst tet radius 1.66844 (nodes removed 0 0)
Info    : It. 95500 - 95500 nodes created - worst tet radius 1.6658 (nodes removed 0 0)
Info    : It. 96000 - 96000 nodes created - worst tet radius 1.6627 (nodes removed 0 0)
Info    : It. 96500 - 96500 nodes created - worst tet radius 1.66004 (nodes removed 0 0)
Info    : It. 97000 - 97000 nodes created - worst tet radius 1.65708 (nodes removed 0 0)
Info    : It. 97500 - 97500 nodes created - worst tet radius 1.65425 (nodes removed 0 0)
Info    : It. 98000 - 98000 nodes created - worst tet radius 1.65146 (nodes removed 0 0)
Info    : It. 98500 - 98500 nodes created - worst tet radius 1.64869 (nodes removed 0 0)
Info    : It. 99000 - 99000 nodes created - worst tet radius 1.64605 (nodes removed 0 0)
Info    : It. 99500 - 99500 nodes created - worst tet radius 1.64338 (nodes removed 0 0)
Info    : It. 100000 - 100000 nodes created - worst tet radius 1.64073 (nodes removed 0 0)
Info    : It. 100500 - 100500 nodes created - worst tet radius 1.63809 (nodes removed 0 0)
Info    : It. 101000 - 101000 nodes created - worst tet radius 1.63553 (nodes removed 0 0)
Info    : It. 101500 - 101500 nodes created - worst tet radius 1.63308 (nodes removed 0 0)
Info    : It. 102000 - 102000 nodes created - worst tet radius 1.63055 (nodes removed 0 0)
Info    : It. 102500 - 102500 nodes created - worst tet radius 1.6279 (nodes removed 0 0)
Info    : It. 103000 - 103000 nodes created - worst tet radius 1.62542 (nodes removed 0 0)
Info    : It. 103500 - 103500 nodes created - worst tet radius 1.62283 (nodes removed 0 0)
Info    : It. 104000 - 104000 nodes created - worst tet radius 1.62025 (nodes removed 0 0)
Info    : It. 104500 - 104500 nodes created - worst tet radius 1.61769 (nodes removed 0 0)
Info    : It. 105000 - 105000 nodes created - worst tet radius 1.61501 (nodes removed 0 0)
Info    : It. 105500 - 105500 nodes created - worst tet radius 1.61245 (nodes removed 0 0)
Info    : It. 106000 - 106000 nodes created - worst tet radius 1.61003 (nodes removed 0 0)
Info    : It. 106500 - 106500 nodes created - worst tet radius 1.60766 (nodes removed 0 0)
Info    : It. 107000 - 107000 nodes created - worst tet radius 1.60518 (nodes removed 0 0)
Info    : It. 107500 - 107500 nodes created - worst tet radius 1.60282 (nodes removed 0 0)
Info    : It. 108000 - 108000 nodes created - worst tet radius 1.60047 (nodes removed 0 0)
Info    : It. 108500 - 108500 nodes created - worst tet radius 1.59819 (nodes removed 0 0)
Info    : It. 109000 - 109000 nodes created - worst tet radius 1.59582 (nodes removed 0 0)
Info    : It. 109500 - 109500 nodes created - worst tet radius 1.59338 (nodes removed 0 0)
Info    : It. 110000 - 110000 nodes created - worst tet radius 1.59096 (nodes removed 0 0)
Info    : It. 110500 - 110500 nodes created - worst tet radius 1.58849 (nodes removed 0 0)
Info    : It. 111000 - 111000 nodes created - worst tet radius 1.58611 (nodes removed 0 0)
Info    : It. 111500 - 111500 nodes created - worst tet radius 1.58386 (nodes removed 0 0)
Info    : It. 112000 - 112000 nodes created - worst tet radius 1.58161 (nodes removed 0 0)
Info    : It. 112500 - 112500 nodes created - worst tet radius 1.57914 (nodes removed 0 0)
Info    : It. 113000 - 113000 nodes created - worst tet radius 1.57682 (nodes removed 0 0)
Info    : It. 113500 - 113500 nodes created - worst tet radius 1.57459 (nodes removed 0 0)
Info    : It. 114000 - 114000 nodes created - worst tet radius 1.57228 (nodes removed 0 0)
Info    : It. 114500 - 114500 nodes created - worst tet radius 1.57012 (nodes removed 0 0)
Info    : It. 115000 - 115000 nodes created - worst tet radius 1.56813 (nodes removed 0 0)
Info    : It. 115500 - 115500 nodes created - worst tet radius 1.56584 (nodes removed 0 0)
Info    : It. 116000 - 116000 nodes created - worst tet radius 1.56348 (nodes removed 0 0)
Info    : It. 116500 - 116500 nodes created - worst tet radius 1.56133 (nodes removed 0 0)
Info    : It. 117000 - 117000 nodes created - worst tet radius 1.55923 (nodes removed 0 0)
Info    : It. 117500 - 117500 nodes created - worst tet radius 1.55707 (nodes removed 0 0)
Info    : It. 118000 - 118000 nodes created - worst tet radius 1.55485 (nodes removed 0 0)
Info    : It. 118500 - 118500 nodes created - worst tet radius 1.55261 (nodes removed 0 0)
Info    : It. 119000 - 119000 nodes created - worst tet radius 1.55047 (nodes removed 0 0)
Info    : It. 119500 - 119500 nodes created - worst tet radius 1.5484 (nodes removed 0 0)
Info    : It. 120000 - 120000 nodes created - worst tet radius 1.54629 (nodes removed 0 0)
Info    : It. 120500 - 120500 nodes created - worst tet radius 1.54405 (nodes removed 0 0)
Info    : It. 121000 - 121000 nodes created - worst tet radius 1.54185 (nodes removed 0 0)
Info    : It. 121500 - 121500 nodes created - worst tet radius 1.53971 (nodes removed 0 0)
Info    : It. 122000 - 122000 nodes created - worst tet radius 1.53757 (nodes removed 0 0)
Info    : It. 122500 - 122500 nodes created - worst tet radius 1.53537 (nodes removed 0 0)
Info    : It. 123000 - 123000 nodes created - worst tet radius 1.53337 (nodes removed 0 0)
Info    : It. 123500 - 123500 nodes created - worst tet radius 1.53136 (nodes removed 0 0)
Info    : It. 124000 - 124000 nodes created - worst tet radius 1.5294 (nodes removed 0 0)
Info    : It. 124500 - 124500 nodes created - worst tet radius 1.52729 (nodes removed 0 0)
Info    : It. 125000 - 125000 nodes created - worst tet radius 1.52531 (nodes removed 0 0)
Info    : It. 125500 - 125500 nodes created - worst tet radius 1.52331 (nodes removed 0 0)
Info    : It. 126000 - 126000 nodes created - worst tet radius 1.5214 (nodes removed 0 0)
Info    : It. 126500 - 126500 nodes created - worst tet radius 1.51946 (nodes removed 0 0)
Info    : It. 127000 - 127000 nodes created - worst tet radius 1.51758 (nodes removed 0 0)
Info    : It. 127500 - 127500 nodes created - worst tet radius 1.51565 (nodes removed 0 0)
Info    : It. 128000 - 128000 nodes created - worst tet radius 1.51377 (nodes removed 0 0)
Info    : It. 128500 - 128500 nodes created - worst tet radius 1.51171 (nodes removed 0 0)
Info    : It. 129000 - 129000 nodes created - worst tet radius 1.50988 (nodes removed 0 0)
Info    : It. 129500 - 129500 nodes created - worst tet radius 1.50793 (nodes removed 0 0)
Info    : It. 130000 - 130000 nodes created - worst tet radius 1.50593 (nodes removed 0 0)
Info    : It. 130500 - 130500 nodes created - worst tet radius 1.50399 (nodes removed 0 0)
Info    : It. 131000 - 131000 nodes created - worst tet radius 1.50215 (nodes removed 0 0)
Info    : It. 131500 - 131500 nodes created - worst tet radius 1.50024 (nodes removed 0 0)
Info    : It. 132000 - 132000 nodes created - worst tet radius 1.49821 (nodes removed 0 0)
Info    : It. 132500 - 132500 nodes created - worst tet radius 1.49629 (nodes removed 0 0)
Info    : It. 133000 - 133000 nodes created - worst tet radius 1.49453 (nodes removed 0 0)
Info    : It. 133500 - 133500 nodes created - worst tet radius 1.4929 (nodes removed 0 0)
Info    : It. 134000 - 134000 nodes created - worst tet radius 1.4911 (nodes removed 0 0)
Info    : It. 134500 - 134500 nodes created - worst tet radius 1.48916 (nodes removed 0 0)
Info    : It. 135000 - 135000 nodes created - worst tet radius 1.48736 (nodes removed 0 0)
Info    : It. 135500 - 135500 nodes created - worst tet radius 1.48552 (nodes removed 0 0)
Info    : It. 136000 - 136000 nodes created - worst tet radius 1.48371 (nodes removed 0 0)
Info    : It. 136500 - 136500 nodes created - worst tet radius 1.48187 (nodes removed 0 0)
Info    : It. 137000 - 137000 nodes created - worst tet radius 1.4801 (nodes removed 0 0)
Info    : It. 137500 - 137500 nodes created - worst tet radius 1.47833 (nodes removed 0 0)
Info    : It. 138000 - 138000 nodes created - worst tet radius 1.47666 (nodes removed 0 0)
Info    : It. 138500 - 138500 nodes created - worst tet radius 1.47496 (nodes removed 0 0)
Info    : It. 139000 - 139000 nodes created - worst tet radius 1.47331 (nodes removed 0 0)
Info    : It. 139500 - 139500 nodes created - worst tet radius 1.47159 (nodes removed 0 0)
Info    : It. 140000 - 140000 nodes created - worst tet radius 1.46997 (nodes removed 0 0)
Info    : It. 140500 - 140500 nodes created - worst tet radius 1.46815 (nodes removed 0 0)
Info    : It. 141000 - 141000 nodes created - worst tet radius 1.46655 (nodes removed 0 0)
Info    : It. 141500 - 141500 nodes created - worst tet radius 1.46489 (nodes removed 0 0)
Info    : It. 142000 - 142000 nodes created - worst tet radius 1.4633 (nodes removed 0 0)
Info    : It. 142500 - 142500 nodes created - worst tet radius 1.46161 (nodes removed 0 0)
Info    : It. 143000 - 143000 nodes created - worst tet radius 1.45978 (nodes removed 0 0)
Info    : It. 143500 - 143500 nodes created - worst tet radius 1.45815 (nodes removed 0 0)
Info    : It. 144000 - 144000 nodes created - worst tet radius 1.45639 (nodes removed 0 0)
Info    : It. 144500 - 144500 nodes created - worst tet radius 1.45487 (nodes removed 0 0)
Info    : It. 145000 - 145000 nodes created - worst tet radius 1.45314 (nodes removed 0 0)
Info    : It. 145500 - 145500 nodes created - worst tet radius 1.45158 (nodes removed 0 0)
Info    : It. 146000 - 146000 nodes created - worst tet radius 1.4499 (nodes removed 0 0)
Info    : It. 146500 - 146500 nodes created - worst tet radius 1.44832 (nodes removed 0 0)
Info    : It. 147000 - 147000 nodes created - worst tet radius 1.44662 (nodes removed 0 0)
Info    : It. 147500 - 147500 nodes created - worst tet radius 1.445 (nodes removed 0 0)
Info    : It. 148000 - 148000 nodes created - worst tet radius 1.44335 (nodes removed 0 0)
Info    : It. 148500 - 148500 nodes created - worst tet radius 1.44168 (nodes removed 0 0)
Info    : It. 149000 - 149000 nodes created - worst tet radius 1.44011 (nodes removed 0 0)
Info    : It. 149500 - 149500 nodes created - worst tet radius 1.43854 (nodes removed 0 0)
Info    : It. 150000 - 150000 nodes created - worst tet radius 1.43708 (nodes removed 0 0)
Info    : It. 150500 - 150500 nodes created - worst tet radius 1.43558 (nodes removed 0 0)
Info    : It. 151000 - 151000 nodes created - worst tet radius 1.4339 (nodes removed 0 0)
Info    : It. 151500 - 151500 nodes created - worst tet radius 1.43234 (nodes removed 0 0)
Info    : It. 152000 - 152000 nodes created - worst tet radius 1.43069 (nodes removed 0 0)
Info    : It. 152500 - 152500 nodes created - worst tet radius 1.42921 (nodes removed 0 0)
Info    : It. 153000 - 153000 nodes created - worst tet radius 1.42764 (nodes removed 0 0)
Info    : It. 153500 - 153500 nodes created - worst tet radius 1.42605 (nodes removed 0 0)
Info    : It. 154000 - 154000 nodes created - worst tet radius 1.42454 (nodes removed 0 0)
Info    : It. 154500 - 154500 nodes created - worst tet radius 1.42304 (nodes removed 0 0)
Info    : It. 155000 - 155000 nodes created - worst tet radius 1.42152 (nodes removed 0 0)
Info    : It. 155500 - 155500 nodes created - worst tet radius 1.42003 (nodes removed 0 0)
Info    : It. 156000 - 156000 nodes created - worst tet radius 1.41842 (nodes removed 0 0)
Info    : It. 156500 - 156500 nodes created - worst tet radius 1.41688 (nodes removed 0 0)
Info    : It. 157000 - 157000 nodes created - worst tet radius 1.41548 (nodes removed 0 0)
Info    : It. 157500 - 157500 nodes created - worst tet radius 1.41395 (nodes removed 0 0)
Info    : It. 158000 - 158000 nodes created - worst tet radius 1.41257 (nodes removed 0 0)
Info    : It. 158500 - 158500 nodes created - worst tet radius 1.41116 (nodes removed 0 0)
Info    : It. 159000 - 159000 nodes created - worst tet radius 1.40963 (nodes removed 0 0)
Info    : It. 159500 - 159500 nodes created - worst tet radius 1.40825 (nodes removed 0 0)
Info    : It. 160000 - 160000 nodes created - worst tet radius 1.40677 (nodes removed 0 0)
Info    : It. 160500 - 160500 nodes created - worst tet radius 1.40542 (nodes removed 0 0)
Info    : It. 161000 - 161000 nodes created - worst tet radius 1.40412 (nodes removed 0 0)
Info    : It. 161500 - 161500 nodes created - worst tet radius 1.40277 (nodes removed 0 0)
Info    : It. 162000 - 162000 nodes created - worst tet radius 1.40131 (nodes removed 0 0)
Info    : It. 162500 - 162500 nodes created - worst tet radius 1.3999 (nodes removed 0 0)
Info    : It. 163000 - 163000 nodes created - worst tet radius 1.39858 (nodes removed 0 0)
Info    : It. 163500 - 163500 nodes created - worst tet radius 1.39729 (nodes removed 0 0)
Info    : It. 164000 - 164000 nodes created - worst tet radius 1.3959 (nodes removed 0 0)
Info    : It. 164500 - 164500 nodes created - worst tet radius 1.39461 (nodes removed 0 0)
Info    : It. 165000 - 165000 nodes created - worst tet radius 1.39326 (nodes removed 0 0)
Info    : It. 165500 - 165500 nodes created - worst tet radius 1.39187 (nodes removed 0 0)
Info    : It. 166000 - 166000 nodes created - worst tet radius 1.39047 (nodes removed 0 0)
Info    : It. 166500 - 166500 nodes created - worst tet radius 1.38907 (nodes removed 0 0)
Info    : It. 167000 - 167000 nodes created - worst tet radius 1.38764 (nodes removed 0 0)
Info    : It. 167500 - 167500 nodes created - worst tet radius 1.3863 (nodes removed 0 0)
Info    : It. 168000 - 168000 nodes created - worst tet radius 1.38507 (nodes removed 0 0)
Info    : It. 168500 - 168500 nodes created - worst tet radius 1.3838 (nodes removed 0 0)
Info    : It. 169000 - 169000 nodes created - worst tet radius 1.3825 (nodes removed 0 0)
Info    : It. 169500 - 169500 nodes created - worst tet radius 1.38118 (nodes removed 0 0)
Info    : It. 170000 - 170000 nodes created - worst tet radius 1.37985 (nodes removed 0 0)
Info    : It. 170500 - 170500 nodes created - worst tet radius 1.37851 (nodes removed 0 0)
Info    : It. 171000 - 171000 nodes created - worst tet radius 1.37718 (nodes removed 0 0)
Info    : It. 171500 - 171500 nodes created - worst tet radius 1.3759 (nodes removed 0 0)
Info    : It. 172000 - 172000 nodes created - worst tet radius 1.37468 (nodes removed 0 0)
Info    : It. 172500 - 172500 nodes created - worst tet radius 1.37341 (nodes removed 0 0)
Info    : It. 173000 - 173000 nodes created - worst tet radius 1.37211 (nodes removed 0 0)
Info    : It. 173500 - 173500 nodes created - worst tet radius 1.37074 (nodes removed 0 0)
Info    : It. 174000 - 174000 nodes created - worst tet radius 1.36935 (nodes removed 0 0)
Info    : It. 174500 - 174500 nodes created - worst tet radius 1.36803 (nodes removed 0 0)
Info    : It. 175000 - 175000 nodes created - worst tet radius 1.36672 (nodes removed 0 0)
Info    : It. 175500 - 175500 nodes created - worst tet radius 1.3655 (nodes removed 0 0)
Info    : It. 176000 - 176000 nodes created - worst tet radius 1.36422 (nodes removed 0 0)
Info    : It. 176500 - 176500 nodes created - worst tet radius 1.36306 (nodes removed 0 0)
Info    : It. 177000 - 177000 nodes created - worst tet radius 1.36181 (nodes removed 0 0)
Info    : It. 177500 - 177500 nodes created - worst tet radius 1.36059 (nodes removed 0 0)
Info    : It. 178000 - 178000 nodes created - worst tet radius 1.35946 (nodes removed 0 0)
Info    : It. 178500 - 178500 nodes created - worst tet radius 1.3583 (nodes removed 0 0)
Info    : It. 179000 - 179000 nodes created - worst tet radius 1.35691 (nodes removed 0 0)
Info    : It. 179500 - 179500 nodes created - worst tet radius 1.35569 (nodes removed 0 0)
Info    : It. 180000 - 180000 nodes created - worst tet radius 1.35447 (nodes removed 0 0)
Info    : It. 180500 - 180500 nodes created - worst tet radius 1.35324 (nodes removed 0 0)
Info    : It. 181000 - 181000 nodes created - worst tet radius 1.35198 (nodes removed 0 0)
Info    : It. 181500 - 181500 nodes created - worst tet radius 1.35075 (nodes removed 0 0)
Info    : It. 182000 - 182000 nodes created - worst tet radius 1.34951 (nodes removed 0 0)
Info    : It. 182500 - 182500 nodes created - worst tet radius 1.34821 (nodes removed 0 0)
Info    : It. 183000 - 183000 nodes created - worst tet radius 1.34686 (nodes removed 0 0)
Info    : It. 183500 - 183500 nodes created - worst tet radius 1.34569 (nodes removed 0 0)
Info    : It. 184000 - 184000 nodes created - worst tet radius 1.3445 (nodes removed 0 0)
Info    : It. 184500 - 184500 nodes created - worst tet radius 1.34327 (nodes removed 0 0)
Info    : It. 185000 - 185000 nodes created - worst tet radius 1.34211 (nodes removed 0 0)
Info    : It. 185500 - 185500 nodes created - worst tet radius 1.34086 (nodes removed 0 0)
Info    : It. 186000 - 186000 nodes created - worst tet radius 1.33965 (nodes removed 0 0)
Info    : It. 186500 - 186500 nodes created - worst tet radius 1.33846 (nodes removed 0 0)
Info    : It. 187000 - 187000 nodes created - worst tet radius 1.33731 (nodes removed 0 0)
Info    : It. 187500 - 187500 nodes created - worst tet radius 1.33619 (nodes removed 0 0)
Info    : It. 188000 - 188000 nodes created - worst tet radius 1.33494 (nodes removed 0 0)
Info    : It. 188500 - 188500 nodes created - worst tet radius 1.33375 (nodes removed 0 0)
Info    : It. 189000 - 189000 nodes created - worst tet radius 1.33259 (nodes removed 0 0)
Info    : It. 189500 - 189500 nodes created - worst tet radius 1.33155 (nodes removed 0 0)
Info    : It. 190000 - 190000 nodes created - worst tet radius 1.33043 (nodes removed 0 0)
Info    : It. 190500 - 190500 nodes created - worst tet radius 1.32935 (nodes removed 0 0)
Info    : It. 191000 - 191000 nodes created - worst tet radius 1.32822 (nodes removed 0 0)
Info    : It. 191500 - 191500 nodes created - worst tet radius 1.32715 (nodes removed 0 0)
Info    : It. 192000 - 192000 nodes created - worst tet radius 1.32605 (nodes removed 0 0)
Info    : It. 192500 - 192500 nodes created - worst tet radius 1.32492 (nodes removed 0 0)
Info    : It. 193000 - 193000 nodes created - worst tet radius 1.32379 (nodes removed 0 0)
Info    : It. 193500 - 193500 nodes created - worst tet radius 1.32268 (nodes removed 0 0)
Info    : It. 194000 - 194000 nodes created - worst tet radius 1.32161 (nodes removed 0 0)
Info    : It. 194500 - 194500 nodes created - worst tet radius 1.32051 (nodes removed 0 0)
Info    : It. 195000 - 195000 nodes created - worst tet radius 1.31936 (nodes removed 0 0)
Info    : It. 195500 - 195500 nodes created - worst tet radius 1.31824 (nodes removed 0 0)
Info    : It. 196000 - 196000 nodes created - worst tet radius 1.31723 (nodes removed 0 0)
Info    : It. 196500 - 196500 nodes created - worst tet radius 1.31616 (nodes removed 0 0)
Info    : It. 197000 - 197000 nodes created - worst tet radius 1.31503 (nodes removed 0 0)
Info    : It. 197500 - 197500 nodes created - worst tet radius 1.3139 (nodes removed 0 0)
Info    : It. 198000 - 198000 nodes created - worst tet radius 1.31291 (nodes removed 0 0)
Info    : It. 198500 - 198500 nodes created - worst tet radius 1.31184 (nodes removed 0 0)
Info    : It. 199000 - 199000 nodes created - worst tet radius 1.31063 (nodes removed 0 0)
Info    : It. 199500 - 199500 nodes created - worst tet radius 1.30954 (nodes removed 0 0)
Info    : It. 200000 - 200000 nodes created - worst tet radius 1.30844 (nodes removed 0 0)
Info    : It. 200500 - 200500 nodes created - worst tet radius 1.30735 (nodes removed 0 0)
Info    : It. 201000 - 201000 nodes created - worst tet radius 1.3063 (nodes removed 0 0)
Info    : It. 201500 - 201500 nodes created - worst tet radius 1.30525 (nodes removed 0 0)
Info    : It. 202000 - 202000 nodes created - worst tet radius 1.30411 (nodes removed 0 0)
Info    : It. 202500 - 202500 nodes created - worst tet radius 1.30303 (nodes removed 0 0)
Info    : It. 203000 - 203000 nodes created - worst tet radius 1.302 (nodes removed 0 0)
Info    : It. 203500 - 203500 nodes created - worst tet radius 1.30098 (nodes removed 0 0)
Info    : It. 204000 - 204000 nodes created - worst tet radius 1.29993 (nodes removed 0 0)
Info    : It. 204500 - 204500 nodes created - worst tet radius 1.29893 (nodes removed 0 0)
Info    : It. 205000 - 205000 nodes created - worst tet radius 1.29793 (nodes removed 0 0)
Info    : It. 205500 - 205500 nodes created - worst tet radius 1.29685 (nodes removed 0 0)
Info    : It. 206000 - 206000 nodes created - worst tet radius 1.29585 (nodes removed 0 0)
Info    : It. 206500 - 206500 nodes created - worst tet radius 1.29477 (nodes removed 0 0)
Info    : It. 207000 - 207000 nodes created - worst tet radius 1.29374 (nodes removed 0 0)
Info    : It. 207500 - 207500 nodes created - worst tet radius 1.29269 (nodes removed 0 0)
Info    : It. 208000 - 208000 nodes created - worst tet radius 1.29161 (nodes removed 0 0)
Info    : It. 208500 - 208500 nodes created - worst tet radius 1.29056 (nodes removed 0 0)
Info    : It. 209000 - 209000 nodes created - worst tet radius 1.28952 (nodes removed 0 0)
Info    : It. 209500 - 209500 nodes created - worst tet radius 1.28848 (nodes removed 0 0)
Info    : It. 210000 - 210000 nodes created - worst tet radius 1.28748 (nodes removed 0 0)
Info    : It. 210500 - 210500 nodes created - worst tet radius 1.2864 (nodes removed 0 0)
Info    : It. 211000 - 211000 nodes created - worst tet radius 1.2854 (nodes removed 0 0)
Info    : It. 211500 - 211500 nodes created - worst tet radius 1.28439 (nodes removed 0 0)
Info    : It. 212000 - 212000 nodes created - worst tet radius 1.2834 (nodes removed 0 0)
Info    : It. 212500 - 212500 nodes created - worst tet radius 1.28239 (nodes removed 0 0)
Info    : It. 213000 - 213000 nodes created - worst tet radius 1.28135 (nodes removed 0 0)
Info    : It. 213500 - 213500 nodes created - worst tet radius 1.28038 (nodes removed 0 0)
Info    : It. 214000 - 214000 nodes created - worst tet radius 1.27934 (nodes removed 0 0)
Info    : It. 214500 - 214500 nodes created - worst tet radius 1.27835 (nodes removed 0 0)
Info    : It. 215000 - 215000 nodes created - worst tet radius 1.27729 (nodes removed 0 0)
Info    : It. 215500 - 215500 nodes created - worst tet radius 1.27627 (nodes removed 0 0)
Info    : It. 216000 - 216000 nodes created - worst tet radius 1.27521 (nodes removed 0 0)
Info    : It. 216500 - 216500 nodes created - worst tet radius 1.27423 (nodes removed 0 0)
Info    : It. 217000 - 217000 nodes created - worst tet radius 1.27332 (nodes removed 0 0)
Info    : It. 217500 - 217500 nodes created - worst tet radius 1.27235 (nodes removed 0 0)
Info    : It. 218000 - 218000 nodes created - worst tet radius 1.27141 (nodes removed 0 0)
Info    : It. 218500 - 218500 nodes created - worst tet radius 1.27046 (nodes removed 0 0)
Info    : It. 219000 - 219000 nodes created - worst tet radius 1.26949 (nodes removed 0 0)
Info    : It. 219500 - 219500 nodes created - worst tet radius 1.26849 (nodes removed 0 0)
Info    : It. 220000 - 220000 nodes created - worst tet radius 1.26747 (nodes removed 0 0)
Info    : It. 220500 - 220500 nodes created - worst tet radius 1.26662 (nodes removed 0 0)
Info    : It. 221000 - 221000 nodes created - worst tet radius 1.26569 (nodes removed 0 0)
Info    : It. 221500 - 221500 nodes created - worst tet radius 1.26474 (nodes removed 0 0)
Info    : It. 222000 - 222000 nodes created - worst tet radius 1.26383 (nodes removed 0 0)
Info    : It. 222500 - 222500 nodes created - worst tet radius 1.2629 (nodes removed 0 0)
Info    : It. 223000 - 223000 nodes created - worst tet radius 1.26205 (nodes removed 0 0)
Info    : It. 223500 - 223500 nodes created - worst tet radius 1.26114 (nodes removed 0 0)
Info    : It. 224000 - 224000 nodes created - worst tet radius 1.2603 (nodes removed 0 0)
Info    : It. 224500 - 224500 nodes created - worst tet radius 1.25943 (nodes removed 0 0)
Info    : It. 225000 - 225000 nodes created - worst tet radius 1.25851 (nodes removed 0 0)
Info    : It. 225500 - 225500 nodes created - worst tet radius 1.25758 (nodes removed 0 0)
Info    : It. 226000 - 226000 nodes created - worst tet radius 1.2567 (nodes removed 0 0)
Info    : It. 226500 - 226500 nodes created - worst tet radius 1.25571 (nodes removed 0 0)
Info    : It. 227000 - 227000 nodes created - worst tet radius 1.25486 (nodes removed 0 0)
Info    : It. 227500 - 227500 nodes created - worst tet radius 1.25394 (nodes removed 0 0)
Info    : It. 228000 - 228000 nodes created - worst tet radius 1.25302 (nodes removed 0 0)
Info    : It. 228500 - 228500 nodes created - worst tet radius 1.25217 (nodes removed 0 0)
Info    : It. 229000 - 229000 nodes created - worst tet radius 1.25128 (nodes removed 0 0)
Info    : It. 229500 - 229500 nodes created - worst tet radius 1.25038 (nodes removed 0 0)
Info    : It. 230000 - 230000 nodes created - worst tet radius 1.24943 (nodes removed 0 0)
Info    : It. 230500 - 230500 nodes created - worst tet radius 1.24864 (nodes removed 0 0)
Info    : It. 231000 - 231000 nodes created - worst tet radius 1.24778 (nodes removed 0 0)
Info    : It. 231500 - 231500 nodes created - worst tet radius 1.24682 (nodes removed 0 0)
Info    : It. 232000 - 232000 nodes created - worst tet radius 1.24592 (nodes removed 0 0)
Info    : It. 232500 - 232500 nodes created - worst tet radius 1.24506 (nodes removed 0 0)
Info    : It. 233000 - 233000 nodes created - worst tet radius 1.24419 (nodes removed 0 0)
Info    : It. 233500 - 233500 nodes created - worst tet radius 1.24337 (nodes removed 0 0)
Info    : It. 234000 - 234000 nodes created - worst tet radius 1.24252 (nodes removed 0 0)
Info    : It. 234500 - 234500 nodes created - worst tet radius 1.24176 (nodes removed 0 0)
Info    : It. 235000 - 235000 nodes created - worst tet radius 1.24089 (nodes removed 0 0)
Info    : It. 235500 - 235500 nodes created - worst tet radius 1.24004 (nodes removed 0 0)
Info    : It. 236000 - 236000 nodes created - worst tet radius 1.23921 (nodes removed 0 0)
Info    : It. 236500 - 236500 nodes created - worst tet radius 1.23837 (nodes removed 0 0)
Info    : It. 237000 - 237000 nodes created - worst tet radius 1.23746 (nodes removed 0 0)
Info    : It. 237500 - 237500 nodes created - worst tet radius 1.23669 (nodes removed 0 0)
Info    : It. 238000 - 238000 nodes created - worst tet radius 1.2358 (nodes removed 0 0)
Info    : It. 238500 - 238500 nodes created - worst tet radius 1.23494 (nodes removed 0 0)
Info    : It. 239000 - 239000 nodes created - worst tet radius 1.23411 (nodes removed 0 0)
Info    : It. 239500 - 239500 nodes created - worst tet radius 1.23327 (nodes removed 0 0)
Info    : It. 240000 - 240000 nodes created - worst tet radius 1.23246 (nodes removed 0 0)
Info    : It. 240500 - 240500 nodes created - worst tet radius 1.23158 (nodes removed 0 0)
Info    : It. 241000 - 241000 nodes created - worst tet radius 1.23082 (nodes removed 0 0)
Info    : It. 241500 - 241500 nodes created - worst tet radius 1.22997 (nodes removed 0 0)
Info    : It. 242000 - 242000 nodes created - worst tet radius 1.22909 (nodes removed 0 0)
Info    : It. 242500 - 242500 nodes created - worst tet radius 1.22828 (nodes removed 0 0)
Info    : It. 243000 - 243000 nodes created - worst tet radius 1.22752 (nodes removed 0 0)
Info    : It. 243500 - 243500 nodes created - worst tet radius 1.22677 (nodes removed 0 0)
Info    : It. 244000 - 244000 nodes created - worst tet radius 1.22592 (nodes removed 0 0)
Info    : It. 244500 - 244500 nodes created - worst tet radius 1.22512 (nodes removed 0 0)
Info    : It. 245000 - 245000 nodes created - worst tet radius 1.22432 (nodes removed 0 0)
Info    : It. 245500 - 245500 nodes created - worst tet radius 1.22353 (nodes removed 0 0)
Info    : It. 246000 - 246000 nodes created - worst tet radius 1.22278 (nodes removed 0 0)
Info    : It. 246500 - 246500 nodes created - worst tet radius 1.22203 (nodes removed 0 0)
Info    : It. 247000 - 247000 nodes created - worst tet radius 1.22119 (nodes removed 0 0)
Info    : It. 247500 - 247500 nodes created - worst tet radius 1.22041 (nodes removed 0 0)
Info    : It. 248000 - 248000 nodes created - worst tet radius 1.21964 (nodes removed 0 0)
Info    : It. 248500 - 248500 nodes created - worst tet radius 1.21889 (nodes removed 0 0)
Info    : It. 249000 - 249000 nodes created - worst tet radius 1.21813 (nodes removed 0 0)
Info    : It. 249500 - 249500 nodes created - worst tet radius 1.2173 (nodes removed 0 0)
Info    : It. 250000 - 250000 nodes created - worst tet radius 1.21654 (nodes removed 0 0)
Info    : It. 250500 - 250500 nodes created - worst tet radius 1.21577 (nodes removed 0 0)
Info    : It. 251000 - 251000 nodes created - worst tet radius 1.21507 (nodes removed 0 0)
Info    : It. 251500 - 251500 nodes created - worst tet radius 1.21433 (nodes removed 0 0)
Info    : It. 252000 - 252000 nodes created - worst tet radius 1.21354 (nodes removed 0 0)
Info    : It. 252500 - 252500 nodes created - worst tet radius 1.21279 (nodes removed 0 0)
Info    : It. 253000 - 253000 nodes created - worst tet radius 1.21203 (nodes removed 0 0)
Info    : It. 253500 - 253500 nodes created - worst tet radius 1.21132 (nodes removed 0 0)
Info    : It. 254000 - 254000 nodes created - worst tet radius 1.21056 (nodes removed 0 0)
Info    : It. 254500 - 254500 nodes created - worst tet radius 1.20985 (nodes removed 0 0)
Info    : It. 255000 - 255000 nodes created - worst tet radius 1.20921 (nodes removed 0 0)
Info    : It. 255500 - 255500 nodes created - worst tet radius 1.20856 (nodes removed 0 0)
Info    : It. 256000 - 256000 nodes created - worst tet radius 1.2079 (nodes removed 0 0)
Info    : It. 256500 - 256500 nodes created - worst tet radius 1.20724 (nodes removed 0 0)
Info    : It. 257000 - 257000 nodes created - worst tet radius 1.20658 (nodes removed 0 0)
Info    : It. 257500 - 257500 nodes created - worst tet radius 1.20597 (nodes removed 0 0)
Info    : It. 258000 - 258000 nodes created - worst tet radius 1.20538 (nodes removed 0 0)
Info    : It. 258500 - 258500 nodes created - worst tet radius 1.20476 (nodes removed 0 0)
Info    : It. 259000 - 259000 nodes created - worst tet radius 1.2042 (nodes removed 0 0)
Info    : It. 259500 - 259500 nodes created - worst tet radius 1.20362 (nodes removed 0 0)
Info    : It. 260000 - 260000 nodes created - worst tet radius 1.203 (nodes removed 0 0)
Info    : It. 260500 - 260500 nodes created - worst tet radius 1.20242 (nodes removed 0 0)
Info    : It. 261000 - 261000 nodes created - worst tet radius 1.20188 (nodes removed 0 0)
Info    : It. 261500 - 261500 nodes created - worst tet radius 1.20127 (nodes removed 0 0)
Info    : It. 262000 - 262000 nodes created - worst tet radius 1.20071 (nodes removed 0 0)
Info    : It. 262500 - 262500 nodes created - worst tet radius 1.20015 (nodes removed 0 0)
Info    : It. 263000 - 263000 nodes created - worst tet radius 1.19962 (nodes removed 0 0)
Info    : It. 263500 - 263500 nodes created - worst tet radius 1.19908 (nodes removed 0 0)
Info    : It. 264000 - 264000 nodes created - worst tet radius 1.19854 (nodes removed 0 0)
Info    : It. 264500 - 264500 nodes created - worst tet radius 1.198 (nodes removed 0 0)
Info    : It. 265000 - 265000 nodes created - worst tet radius 1.19747 (nodes removed 0 0)
Info    : It. 265500 - 265500 nodes created - worst tet radius 1.19694 (nodes removed 0 0)
Info    : It. 266000 - 266000 nodes created - worst tet radius 1.19644 (nodes removed 0 0)
Info    : It. 266500 - 266500 nodes created - worst tet radius 1.19594 (nodes removed 0 0)
Info    : It. 267000 - 267000 nodes created - worst tet radius 1.19544 (nodes removed 0 0)
Info    : It. 267500 - 267500 nodes created - worst tet radius 1.19495 (nodes removed 0 0)
Info    : It. 268000 - 268000 nodes created - worst tet radius 1.19444 (nodes removed 0 0)
Info    : It. 268500 - 268500 nodes created - worst tet radius 1.19396 (nodes removed 0 0)
Info    : It. 269000 - 269000 nodes created - worst tet radius 1.19346 (nodes removed 0 0)
Info    : It. 269500 - 269500 nodes created - worst tet radius 1.19294 (nodes removed 0 0)
Info    : It. 270000 - 270000 nodes created - worst tet radius 1.19243 (nodes removed 0 0)
Info    : It. 270500 - 270500 nodes created - worst tet radius 1.19193 (nodes removed 0 0)
Info    : It. 271000 - 271000 nodes created - worst tet radius 1.19137 (nodes removed 0 0)
Info    : It. 271500 - 271500 nodes created - worst tet radius 1.19087 (nodes removed 0 0)
Info    : It. 272000 - 272000 nodes created - worst tet radius 1.19038 (nodes removed 0 0)
Info    : It. 272500 - 272500 nodes created - worst tet radius 1.18988 (nodes removed 0 0)
Info    : It. 273000 - 273000 nodes created - worst tet radius 1.18937 (nodes removed 0 0)
Info    : It. 273500 - 273500 nodes created - worst tet radius 1.18885 (nodes removed 0 0)
Info    : It. 274000 - 274000 nodes created - worst tet radius 1.18833 (nodes removed 0 0)
Info    : It. 274500 - 274500 nodes created - worst tet radius 1.18783 (nodes removed 0 0)
Info    : It. 275000 - 275000 nodes created - worst tet radius 1.18727 (nodes removed 0 0)
Info    : It. 275500 - 275500 nodes created - worst tet radius 1.18675 (nodes removed 0 0)
Info    : It. 276000 - 276000 nodes created - worst tet radius 1.18618 (nodes removed 0 0)
Info    : It. 276500 - 276500 nodes created - worst tet radius 1.18571 (nodes removed 0 0)
Info    : It. 277000 - 277000 nodes created - worst tet radius 1.18522 (nodes removed 0 0)
Info    : It. 277500 - 277500 nodes created - worst tet radius 1.18472 (nodes removed 0 0)
Info    : It. 278000 - 278000 nodes created - worst tet radius 1.18423 (nodes removed 0 0)
Info    : It. 278500 - 278500 nodes created - worst tet radius 1.18372 (nodes removed 0 0)
Info    : It. 279000 - 279000 nodes created - worst tet radius 1.18322 (nodes removed 0 0)
Info    : It. 279500 - 279500 nodes created - worst tet radius 1.18271 (nodes removed 0 0)
Info    : It. 280000 - 280000 nodes created - worst tet radius 1.18219 (nodes removed 0 0)
Info    : It. 280500 - 280500 nodes created - worst tet radius 1.1817 (nodes removed 0 0)
Info    : It. 281000 - 281000 nodes created - worst tet radius 1.18122 (nodes removed 0 0)
Info    : It. 281500 - 281500 nodes created - worst tet radius 1.18071 (nodes removed 0 0)
Info    : It. 282000 - 282000 nodes created - worst tet radius 1.18021 (nodes removed 0 0)
Info    : It. 282500 - 282500 nodes created - worst tet radius 1.17969 (nodes removed 0 0)
Info    : It. 283000 - 283000 nodes created - worst tet radius 1.1792 (nodes removed 0 0)
Info    : It. 283500 - 283500 nodes created - worst tet radius 1.1787 (nodes removed 0 0)
Info    : It. 284000 - 284000 nodes created - worst tet radius 1.17824 (nodes removed 0 0)
Info    : It. 284500 - 284500 nodes created - worst tet radius 1.17777 (nodes removed 0 0)
Info    : It. 285000 - 285000 nodes created - worst tet radius 1.17726 (nodes removed 0 0)
Info    : It. 285500 - 285500 nodes created - worst tet radius 1.17672 (nodes removed 0 0)
Info    : It. 286000 - 286000 nodes created - worst tet radius 1.17618 (nodes removed 0 0)
Info    : It. 286500 - 286500 nodes created - worst tet radius 1.17566 (nodes removed 0 0)
Info    : It. 287000 - 287000 nodes created - worst tet radius 1.17518 (nodes removed 0 0)
Info    : It. 287500 - 287500 nodes created - worst tet radius 1.17469 (nodes removed 0 0)
Info    : It. 288000 - 288000 nodes created - worst tet radius 1.17453 (nodes removed 0 0)
Info    : It. 288500 - 288500 nodes created - worst tet radius 1.17368 (nodes removed 0 0)
Info    : It. 289000 - 289000 nodes created - worst tet radius 1.17316 (nodes removed 0 0)
Info    : It. 289500 - 289500 nodes created - worst tet radius 1.17263 (nodes removed 0 0)
Info    : It. 290000 - 290000 nodes created - worst tet radius 1.17214 (nodes removed 0 0)
Info    : It. 290500 - 290500 nodes created - worst tet radius 1.17162 (nodes removed 0 0)
Info    : It. 291000 - 291000 nodes created - worst tet radius 1.17109 (nodes removed 0 0)
Info    : It. 291500 - 291500 nodes created - worst tet radius 1.17523 (nodes removed 0 0)
Info    : It. 292000 - 292000 nodes created - worst tet radius 1.17011 (nodes removed 0 0)
Info    : It. 292500 - 292500 nodes created - worst tet radius 1.16957 (nodes removed 0 0)
Info    : It. 293000 - 293000 nodes created - worst tet radius 1.16904 (nodes removed 0 0)
Info    : It. 293500 - 293500 nodes created - worst tet radius 1.16848 (nodes removed 0 0)
Info    : It. 294000 - 294000 nodes created - worst tet radius 1.16796 (nodes removed 0 0)
Info    : It. 294500 - 294500 nodes created - worst tet radius 1.16743 (nodes removed 0 0)
Info    : It. 295000 - 295000 nodes created - worst tet radius 1.16692 (nodes removed 0 0)
Info    : It. 295500 - 295500 nodes created - worst tet radius 1.16643 (nodes removed 0 0)
Info    : It. 296000 - 296000 nodes created - worst tet radius 1.16588 (nodes removed 0 0)
Info    : It. 296500 - 296500 nodes created - worst tet radius 1.16537 (nodes removed 0 0)
Info    : It. 297000 - 297000 nodes created - worst tet radius 1.16487 (nodes removed 0 0)
Info    : It. 297500 - 297500 nodes created - worst tet radius 1.16437 (nodes removed 0 0)
Info    : It. 298000 - 298000 nodes created - worst tet radius 1.16381 (nodes removed 0 0)
Info    : It. 298500 - 298500 nodes created - worst tet radius 1.1633 (nodes removed 0 0)
Info    : It. 299000 - 299000 nodes created - worst tet radius 1.16277 (nodes removed 0 0)
Info    : It. 299500 - 299500 nodes created - worst tet radius 1.16231 (nodes removed 0 0)
Info    : It. 300000 - 300000 nodes created - worst tet radius 1.16176 (nodes removed 0 0)
Info    : It. 300500 - 300500 nodes created - worst tet radius 1.16124 (nodes removed 0 0)
Info    : It. 301000 - 301000 nodes created - worst tet radius 1.16074 (nodes removed 0 0)
Info    : It. 301500 - 301500 nodes created - worst tet radius 1.16023 (nodes removed 0 0)
Info    : It. 302000 - 302000 nodes created - worst tet radius 1.15972 (nodes removed 0 0)
Info    : It. 302500 - 302500 nodes created - worst tet radius 1.15916 (nodes removed 0 0)
Info    : It. 303000 - 303000 nodes created - worst tet radius 1.15863 (nodes removed 0 0)
Info    : It. 303500 - 303500 nodes created - worst tet radius 1.1581 (nodes removed 0 0)
Info    : It. 304000 - 304000 nodes created - worst tet radius 1.15758 (nodes removed 0 0)
Info    : It. 304500 - 304500 nodes created - worst tet radius 1.15709 (nodes removed 0 0)
Info    : It. 305000 - 305000 nodes created - worst tet radius 1.15658 (nodes removed 0 0)
Info    : It. 305500 - 305500 nodes created - worst tet radius 1.15603 (nodes removed 0 0)
Info    : It. 306000 - 306000 nodes created - worst tet radius 1.15553 (nodes removed 0 0)
Info    : It. 306500 - 306500 nodes created - worst tet radius 1.15499 (nodes removed 0 0)
Info    : It. 307000 - 307000 nodes created - worst tet radius 1.1545 (nodes removed 0 0)
Info    : It. 307500 - 307500 nodes created - worst tet radius 1.15398 (nodes removed 0 0)
Info    : It. 308000 - 308000 nodes created - worst tet radius 1.15342 (nodes removed 0 0)
Info    : It. 308500 - 308500 nodes created - worst tet radius 1.15291 (nodes removed 0 0)
Info    : It. 309000 - 309000 nodes created - worst tet radius 1.15239 (nodes removed 0 0)
Info    : It. 309500 - 309500 nodes created - worst tet radius 1.15184 (nodes removed 0 0)
Info    : It. 310000 - 310000 nodes created - worst tet radius 1.15133 (nodes removed 0 0)
Info    : It. 310500 - 310500 nodes created - worst tet radius 1.15083 (nodes removed 0 0)
Info    : It. 311000 - 311000 nodes created - worst tet radius 1.15033 (nodes removed 0 0)
Info    : It. 311500 - 311500 nodes created - worst tet radius 1.1498 (nodes removed 0 0)
Info    : It. 312000 - 312000 nodes created - worst tet radius 1.1493 (nodes removed 0 0)
Info    : It. 312500 - 312500 nodes created - worst tet radius 1.14872 (nodes removed 0 0)
Info    : It. 313000 - 313000 nodes created - worst tet radius 1.14816 (nodes removed 0 0)
Info    : It. 313500 - 313500 nodes created - worst tet radius 1.14759 (nodes removed 0 0)
Info    : It. 314000 - 314000 nodes created - worst tet radius 1.14707 (nodes removed 0 0)
Info    : It. 314500 - 314500 nodes created - worst tet radius 1.14655 (nodes removed 0 0)
Info    : It. 315000 - 315000 nodes created - worst tet radius 1.14604 (nodes removed 0 0)
Info    : It. 315500 - 315500 nodes created - worst tet radius 1.14549 (nodes removed 0 0)
Info    : It. 316000 - 316000 nodes created - worst tet radius 1.14496 (nodes removed 0 0)
Info    : It. 316500 - 316500 nodes created - worst tet radius 1.14438 (nodes removed 0 0)
Info    : It. 317000 - 317000 nodes created - worst tet radius 1.14383 (nodes removed 0 0)
Info    : It. 317500 - 317500 nodes created - worst tet radius 1.14327 (nodes removed 0 0)
Info    : It. 318000 - 318000 nodes created - worst tet radius 1.14276 (nodes removed 0 0)
Info    : It. 318500 - 318500 nodes created - worst tet radius 1.14224 (nodes removed 0 0)
Info    : It. 319000 - 319000 nodes created - worst tet radius 1.14173 (nodes removed 0 0)
Info    : It. 319500 - 319500 nodes created - worst tet radius 1.14118 (nodes removed 0 0)
Info    : It. 320000 - 320000 nodes created - worst tet radius 1.14063 (nodes removed 0 0)
Info    : It. 320500 - 320500 nodes created - worst tet radius 1.14012 (nodes removed 0 0)
Info    : It. 321000 - 321000 nodes created - worst tet radius 1.1396 (nodes removed 0 0)
Info    : It. 321500 - 321500 nodes created - worst tet radius 1.13909 (nodes removed 0 0)
Info    : It. 322000 - 322000 nodes created - worst tet radius 1.13858 (nodes removed 0 0)
Info    : It. 322500 - 322500 nodes created - worst tet radius 1.13806 (nodes removed 0 0)
Info    : It. 323000 - 323000 nodes created - worst tet radius 1.13752 (nodes removed 0 0)
Info    : It. 323500 - 323500 nodes created - worst tet radius 1.13703 (nodes removed 0 0)
Info    : It. 324000 - 324000 nodes created - worst tet radius 1.13647 (nodes removed 0 0)
Info    : It. 324500 - 324500 nodes created - worst tet radius 1.13596 (nodes removed 0 0)
Info    : It. 325000 - 325000 nodes created - worst tet radius 1.13543 (nodes removed 0 0)
Info    : It. 325500 - 325500 nodes created - worst tet radius 1.13494 (nodes removed 0 0)
Info    : It. 326000 - 326000 nodes created - worst tet radius 1.1344 (nodes removed 0 0)
Info    : It. 326500 - 326500 nodes created - worst tet radius 1.13385 (nodes removed 0 0)
Info    : It. 327000 - 327000 nodes created - worst tet radius 1.13333 (nodes removed 0 0)
Info    : It. 327500 - 327500 nodes created - worst tet radius 1.13281 (nodes removed 0 0)
Info    : It. 328000 - 328000 nodes created - worst tet radius 1.13225 (nodes removed 0 0)
Info    : It. 328500 - 328500 nodes created - worst tet radius 1.13172 (nodes removed 0 0)
Info    : It. 329000 - 329000 nodes created - worst tet radius 1.1312 (nodes removed 0 0)
Info    : It. 329500 - 329500 nodes created - worst tet radius 1.13068 (nodes removed 0 0)
Info    : It. 330000 - 330000 nodes created - worst tet radius 1.13019 (nodes removed 0 0)
Info    : It. 330500 - 330500 nodes created - worst tet radius 1.12968 (nodes removed 0 0)
Info    : It. 331000 - 331000 nodes created - worst tet radius 1.12916 (nodes removed 0 0)
Info    : It. 331500 - 331500 nodes created - worst tet radius 1.12867 (nodes removed 0 0)
Info    : It. 332000 - 332000 nodes created - worst tet radius 1.12814 (nodes removed 0 0)
Info    : It. 332500 - 332500 nodes created - worst tet radius 1.1276 (nodes removed 0 0)
Info    : It. 333000 - 333000 nodes created - worst tet radius 1.12706 (nodes removed 0 0)
Info    : It. 333500 - 333500 nodes created - worst tet radius 1.12654 (nodes removed 0 0)
Info    : It. 334000 - 334000 nodes created - worst tet radius 1.12602 (nodes removed 0 0)
Info    : It. 334500 - 334499 nodes created - worst tet radius 1.1255 (nodes removed 0 1)
Info    : It. 335000 - 334999 nodes created - worst tet radius 1.12497 (nodes removed 0 1)
Info    : It. 335500 - 335499 nodes created - worst tet radius 1.12443 (nodes removed 0 1)
Info    : It. 336000 - 335999 nodes created - worst tet radius 1.1239 (nodes removed 0 1)
Info    : It. 336500 - 336499 nodes created - worst tet radius 1.12339 (nodes removed 0 1)
Info    : It. 337000 - 336999 nodes created - worst tet radius 1.12287 (nodes removed 0 1)
Info    : It. 337500 - 337499 nodes created - worst tet radius 1.12238 (nodes removed 0 1)
Info    : It. 338000 - 337999 nodes created - worst tet radius 1.12178 (nodes removed 0 1)
Info    : It. 338500 - 338499 nodes created - worst tet radius 1.12131 (nodes removed 0 1)
Info    : It. 339000 - 338999 nodes created - worst tet radius 1.12083 (nodes removed 0 1)
Info    : It. 339500 - 339499 nodes created - worst tet radius 1.12023 (nodes removed 0 1)
Info    : It. 340000 - 339999 nodes created - worst tet radius 1.11974 (nodes removed 0 1)
Info    : It. 340500 - 340499 nodes created - worst tet radius 1.11925 (nodes removed 0 1)
Info    : It. 341000 - 340999 nodes created - worst tet radius 1.11871 (nodes removed 0 1)
Info    : It. 341500 - 341499 nodes created - worst tet radius 1.1182 (nodes removed 0 1)
Info    : It. 342000 - 341999 nodes created - worst tet radius 1.11768 (nodes removed 0 1)
Info    : It. 342500 - 342499 nodes created - worst tet radius 1.11716 (nodes removed 0 1)
Info    : It. 343000 - 342999 nodes created - worst tet radius 1.11664 (nodes removed 0 1)
Info    : It. 343500 - 343499 nodes created - worst tet radius 1.11612 (nodes removed 0 1)
Info    : It. 344000 - 343999 nodes created - worst tet radius 1.11561 (nodes removed 0 1)
Info    : It. 344500 - 344499 nodes created - worst tet radius 1.11508 (nodes removed 0 1)
Info    : It. 345000 - 344999 nodes created - worst tet radius 1.11457 (nodes removed 0 1)
Info    : It. 345500 - 345499 nodes created - worst tet radius 1.11406 (nodes removed 0 1)
Info    : It. 346000 - 345999 nodes created - worst tet radius 1.11352 (nodes removed 0 1)
Info    : It. 346500 - 346499 nodes created - worst tet radius 1.113 (nodes removed 0 1)
Info    : It. 347000 - 346999 nodes created - worst tet radius 1.11253 (nodes removed 0 1)
Info    : It. 347500 - 347499 nodes created - worst tet radius 1.11202 (nodes removed 0 1)
Info    : It. 348000 - 347999 nodes created - worst tet radius 1.1115 (nodes removed 0 1)
Info    : It. 348500 - 348499 nodes created - worst tet radius 1.11098 (nodes removed 0 1)
Info    : It. 349000 - 348999 nodes created - worst tet radius 1.11047 (nodes removed 0 1)
Info    : It. 349500 - 349499 nodes created - worst tet radius 1.10999 (nodes removed 0 1)
Info    : It. 350000 - 349999 nodes created - worst tet radius 1.10949 (nodes removed 0 1)
Info    : It. 350500 - 350499 nodes created - worst tet radius 1.10897 (nodes removed 0 1)
Info    : It. 351000 - 350999 nodes created - worst tet radius 1.1085 (nodes removed 0 1)
Info    : It. 351500 - 351499 nodes created - worst tet radius 1.10804 (nodes removed 0 1)
Info    : It. 352000 - 351999 nodes created - worst tet radius 1.10756 (nodes removed 0 1)
Info    : It. 352500 - 352499 nodes created - worst tet radius 1.10704 (nodes removed 0 1)
Info    : It. 353000 - 352999 nodes created - worst tet radius 1.10651 (nodes removed 0 1)
Info    : It. 353500 - 353499 nodes created - worst tet radius 1.106 (nodes removed 0 1)
Info    : It. 354000 - 353999 nodes created - worst tet radius 1.10554 (nodes removed 0 1)
Info    : It. 354500 - 354499 nodes created - worst tet radius 1.10504 (nodes removed 0 1)
Info    : It. 355000 - 354999 nodes created - worst tet radius 1.10456 (nodes removed 0 1)
Info    : It. 355500 - 355499 nodes created - worst tet radius 1.10402 (nodes removed 0 1)
Info    : It. 356000 - 355999 nodes created - worst tet radius 1.10352 (nodes removed 0 1)
Info    : It. 356500 - 356499 nodes created - worst tet radius 1.10298 (nodes removed 0 1)
Info    : It. 357000 - 356999 nodes created - worst tet radius 1.10249 (nodes removed 0 1)
Info    : It. 357500 - 357499 nodes created - worst tet radius 1.10195 (nodes removed 0 1)
Info    : It. 358000 - 357999 nodes created - worst tet radius 1.10144 (nodes removed 0 1)
Info    : It. 358500 - 358499 nodes created - worst tet radius 1.10092 (nodes removed 0 1)
Info    : It. 359000 - 358999 nodes created - worst tet radius 1.10044 (nodes removed 0 1)
Info    : It. 359500 - 359499 nodes created - worst tet radius 1.09993 (nodes removed 0 1)
Info    : It. 360000 - 359999 nodes created - worst tet radius 1.09946 (nodes removed 0 1)
Info    : It. 360500 - 360499 nodes created - worst tet radius 1.09898 (nodes removed 0 1)
Info    : It. 361000 - 360999 nodes created - worst tet radius 1.0985 (nodes removed 0 1)
Info    : It. 361500 - 361499 nodes created - worst tet radius 1.09801 (nodes removed 0 1)
Info    : It. 362000 - 361999 nodes created - worst tet radius 1.09748 (nodes removed 0 1)
Info    : It. 362500 - 362499 nodes created - worst tet radius 1.09698 (nodes removed 0 1)
Info    : It. 363000 - 362999 nodes created - worst tet radius 1.09647 (nodes removed 0 1)
Info    : It. 363500 - 363499 nodes created - worst tet radius 1.09596 (nodes removed 0 1)
Info    : It. 364000 - 363999 nodes created - worst tet radius 1.09548 (nodes removed 0 1)
Info    : It. 364500 - 364499 nodes created - worst tet radius 1.095 (nodes removed 0 1)
Info    : It. 365000 - 364999 nodes created - worst tet radius 1.0945 (nodes removed 0 1)
Info    : It. 365500 - 365499 nodes created - worst tet radius 1.09402 (nodes removed 0 1)
Info    : It. 366000 - 365999 nodes created - worst tet radius 1.09358 (nodes removed 0 1)
Info    : It. 366500 - 366499 nodes created - worst tet radius 1.09311 (nodes removed 0 1)
Info    : It. 367000 - 366999 nodes created - worst tet radius 1.09258 (nodes removed 0 1)
Info    : It. 367500 - 367499 nodes created - worst tet radius 1.09209 (nodes removed 0 1)
Info    : It. 368000 - 367999 nodes created - worst tet radius 1.09158 (nodes removed 0 1)
Info    : It. 368500 - 368499 nodes created - worst tet radius 1.0911 (nodes removed 0 1)
Info    : It. 369000 - 368999 nodes created - worst tet radius 1.09061 (nodes removed 0 1)
Info    : It. 369500 - 369499 nodes created - worst tet radius 1.09014 (nodes removed 0 1)
Info    : It. 370000 - 369999 nodes created - worst tet radius 1.08962 (nodes removed 0 1)
Info    : It. 370500 - 370499 nodes created - worst tet radius 1.08909 (nodes removed 0 1)
Info    : It. 371000 - 370999 nodes created - worst tet radius 1.08862 (nodes removed 0 1)
Info    : It. 371500 - 371499 nodes created - worst tet radius 1.08813 (nodes removed 0 1)
Info    : It. 372000 - 371999 nodes created - worst tet radius 1.08763 (nodes removed 0 1)
Info    : It. 372500 - 372499 nodes created - worst tet radius 1.08717 (nodes removed 0 1)
Info    : It. 373000 - 372999 nodes created - worst tet radius 1.08672 (nodes removed 0 1)
Info    : It. 373500 - 373499 nodes created - worst tet radius 1.08623 (nodes removed 0 1)
Info    : It. 374000 - 373999 nodes created - worst tet radius 1.08574 (nodes removed 0 1)
Info    : It. 374500 - 374499 nodes created - worst tet radius 1.08529 (nodes removed 0 1)
Info    : It. 375000 - 374999 nodes created - worst tet radius 1.08484 (nodes removed 0 1)
Info    : It. 375500 - 375499 nodes created - worst tet radius 1.08435 (nodes removed 0 1)
Info    : It. 376000 - 375999 nodes created - worst tet radius 1.08387 (nodes removed 0 1)
Info    : It. 376500 - 376499 nodes created - worst tet radius 1.08342 (nodes removed 0 1)
Info    : It. 377000 - 376999 nodes created - worst tet radius 1.08296 (nodes removed 0 1)
Info    : It. 377500 - 377499 nodes created - worst tet radius 1.08248 (nodes removed 0 1)
Info    : It. 378000 - 377999 nodes created - worst tet radius 1.08203 (nodes removed 0 1)
Info    : It. 378500 - 378499 nodes created - worst tet radius 1.08155 (nodes removed 0 1)
Info    : It. 379000 - 378999 nodes created - worst tet radius 1.08111 (nodes removed 0 1)
Info    : It. 379500 - 379499 nodes created - worst tet radius 1.08063 (nodes removed 0 1)
Info    : It. 380000 - 379999 nodes created - worst tet radius 1.08015 (nodes removed 0 1)
Info    : It. 380500 - 380499 nodes created - worst tet radius 1.07972 (nodes removed 0 1)
Info    : It. 381000 - 380999 nodes created - worst tet radius 1.07927 (nodes removed 0 1)
Info    : It. 381500 - 381499 nodes created - worst tet radius 1.07883 (nodes removed 0 1)
Info    : It. 382000 - 381999 nodes created - worst tet radius 1.07833 (nodes removed 0 1)
Info    : It. 382500 - 382499 nodes created - worst tet radius 1.07785 (nodes removed 0 1)
Info    : It. 383000 - 382999 nodes created - worst tet radius 1.07735 (nodes removed 0 1)
Info    : It. 383500 - 383499 nodes created - worst tet radius 1.07688 (nodes removed 0 1)
Info    : It. 384000 - 383999 nodes created - worst tet radius 1.07643 (nodes removed 0 1)
Info    : It. 384500 - 384499 nodes created - worst tet radius 1.07598 (nodes removed 0 1)
Info    : It. 385000 - 384999 nodes created - worst tet radius 1.07551 (nodes removed 0 1)
Info    : It. 385500 - 385499 nodes created - worst tet radius 1.07508 (nodes removed 0 1)
Info    : It. 386000 - 385999 nodes created - worst tet radius 1.07464 (nodes removed 0 1)
Info    : It. 386500 - 386499 nodes created - worst tet radius 1.07422 (nodes removed 0 1)
Info    : It. 387000 - 386999 nodes created - worst tet radius 1.07378 (nodes removed 0 1)
Info    : It. 387500 - 387499 nodes created - worst tet radius 1.07332 (nodes removed 0 1)
Info    : It. 388000 - 387999 nodes created - worst tet radius 1.07286 (nodes removed 0 1)
Info    : It. 388500 - 388499 nodes created - worst tet radius 1.07241 (nodes removed 0 1)
Info    : It. 389000 - 388999 nodes created - worst tet radius 1.07195 (nodes removed 0 1)
Info    : It. 389500 - 389499 nodes created - worst tet radius 1.0715 (nodes removed 0 1)
Info    : It. 390000 - 389999 nodes created - worst tet radius 1.07106 (nodes removed 0 1)
Info    : It. 390500 - 390499 nodes created - worst tet radius 1.0706 (nodes removed 0 1)
Info    : It. 391000 - 390999 nodes created - worst tet radius 1.07012 (nodes removed 0 1)
Info    : It. 391500 - 391499 nodes created - worst tet radius 1.06966 (nodes removed 0 1)
Info    : It. 392000 - 391999 nodes created - worst tet radius 1.06922 (nodes removed 0 1)
Info    : It. 392500 - 392499 nodes created - worst tet radius 1.06876 (nodes removed 0 1)
Info    : It. 393000 - 392999 nodes created - worst tet radius 1.0683 (nodes removed 0 1)
Info    : It. 393500 - 393499 nodes created - worst tet radius 1.06785 (nodes removed 0 1)
Info    : It. 394000 - 393999 nodes created - worst tet radius 1.0674 (nodes removed 0 1)
Info    : It. 394500 - 394499 nodes created - worst tet radius 1.06697 (nodes removed 0 1)
Info    : It. 395000 - 394999 nodes created - worst tet radius 1.06655 (nodes removed 0 1)
Info    : It. 395500 - 395499 nodes created - worst tet radius 1.06611 (nodes removed 0 1)
Info    : It. 396000 - 395999 nodes created - worst tet radius 1.06563 (nodes removed 0 1)
Info    : It. 396500 - 396499 nodes created - worst tet radius 1.06517 (nodes removed 0 1)
Info    : It. 397000 - 396999 nodes created - worst tet radius 1.06469 (nodes removed 0 1)
Info    : It. 397500 - 397499 nodes created - worst tet radius 1.06428 (nodes removed 0 1)
Info    : It. 398000 - 397999 nodes created - worst tet radius 1.06385 (nodes removed 0 1)
Info    : It. 398500 - 398499 nodes created - worst tet radius 1.0634 (nodes removed 0 1)
Info    : It. 399000 - 398999 nodes created - worst tet radius 1.06296 (nodes removed 0 1)
Info    : It. 399500 - 399499 nodes created - worst tet radius 1.06253 (nodes removed 0 1)
Info    : It. 400000 - 399999 nodes created - worst tet radius 1.06213 (nodes removed 0 1)
Info    : It. 400500 - 400499 nodes created - worst tet radius 1.06171 (nodes removed 0 1)
Info    : It. 401000 - 400999 nodes created - worst tet radius 1.06126 (nodes removed 0 1)
Info    : It. 401500 - 401499 nodes created - worst tet radius 1.0608 (nodes removed 0 1)
Info    : It. 402000 - 401999 nodes created - worst tet radius 1.06039 (nodes removed 0 1)
Info    : It. 402500 - 402499 nodes created - worst tet radius 1.05995 (nodes removed 0 1)
Info    : It. 403000 - 402999 nodes created - worst tet radius 1.05953 (nodes removed 0 1)
Info    : It. 403500 - 403499 nodes created - worst tet radius 1.0591 (nodes removed 0 1)
Info    : It. 404000 - 403999 nodes created - worst tet radius 1.05866 (nodes removed 0 1)
Info    : It. 404500 - 404499 nodes created - worst tet radius 1.05823 (nodes removed 0 1)
Info    : It. 405000 - 404999 nodes created - worst tet radius 1.05777 (nodes removed 0 1)
Info    : It. 405500 - 405499 nodes created - worst tet radius 1.05733 (nodes removed 0 1)
Info    : It. 406000 - 405999 nodes created - worst tet radius 1.0569 (nodes removed 0 1)
Info    : It. 406500 - 406499 nodes created - worst tet radius 1.0565 (nodes removed 0 1)
Info    : It. 407000 - 406999 nodes created - worst tet radius 1.05606 (nodes removed 0 1)
Info    : It. 407500 - 407499 nodes created - worst tet radius 1.05563 (nodes removed 0 1)
Info    : It. 408000 - 407999 nodes created - worst tet radius 1.05522 (nodes removed 0 1)
Info    : It. 408500 - 408499 nodes created - worst tet radius 1.0548 (nodes removed 0 1)
Info    : It. 409000 - 408999 nodes created - worst tet radius 1.05438 (nodes removed 0 1)
Info    : It. 409500 - 409499 nodes created - worst tet radius 1.05397 (nodes removed 0 1)
Info    : It. 410000 - 409999 nodes created - worst tet radius 1.05353 (nodes removed 0 1)
Info    : It. 410500 - 410499 nodes created - worst tet radius 1.05313 (nodes removed 0 1)
Info    : It. 411000 - 410999 nodes created - worst tet radius 1.05271 (nodes removed 0 1)
Info    : It. 411500 - 411499 nodes created - worst tet radius 1.05231 (nodes removed 0 1)
Info    : It. 412000 - 411999 nodes created - worst tet radius 1.05186 (nodes removed 0 1)
Info    : It. 412500 - 412499 nodes created - worst tet radius 1.05147 (nodes removed 0 1)
Info    : It. 413000 - 412999 nodes created - worst tet radius 1.05103 (nodes removed 0 1)
Info    : It. 413500 - 413499 nodes created - worst tet radius 1.0506 (nodes removed 0 1)
Info    : It. 414000 - 413999 nodes created - worst tet radius 1.05017 (nodes removed 0 1)
Info    : It. 414500 - 414499 nodes created - worst tet radius 1.04975 (nodes removed 0 1)
Info    : It. 415000 - 414999 nodes created - worst tet radius 1.04933 (nodes removed 0 1)
Info    : It. 415500 - 415499 nodes created - worst tet radius 1.04893 (nodes removed 0 1)
Info    : It. 416000 - 415999 nodes created - worst tet radius 1.04853 (nodes removed 0 1)
Info    : It. 416500 - 416499 nodes created - worst tet radius 1.04812 (nodes removed 0 1)
Info    : It. 417000 - 416999 nodes created - worst tet radius 1.04771 (nodes removed 0 1)
Info    : It. 417500 - 417499 nodes created - worst tet radius 1.04726 (nodes removed 0 1)
Info    : It. 418000 - 417999 nodes created - worst tet radius 1.04688 (nodes removed 0 1)
Info    : It. 418500 - 418499 nodes created - worst tet radius 1.04648 (nodes removed 0 1)
Info    : It. 419000 - 418999 nodes created - worst tet radius 1.04605 (nodes removed 0 1)
Info    : It. 419500 - 419499 nodes created - worst tet radius 1.04562 (nodes removed 0 1)
Info    : It. 420000 - 419999 nodes created - worst tet radius 1.04519 (nodes removed 0 1)
Info    : It. 420500 - 420499 nodes created - worst tet radius 1.04472 (nodes removed 0 1)
Info    : It. 421000 - 420999 nodes created - worst tet radius 1.04429 (nodes removed 0 1)
Info    : It. 421500 - 421499 nodes created - worst tet radius 1.04386 (nodes removed 0 1)
Info    : It. 422000 - 421999 nodes created - worst tet radius 1.04345 (nodes removed 0 1)
Info    : It. 422500 - 422499 nodes created - worst tet radius 1.04306 (nodes removed 0 1)
Info    : It. 423000 - 422999 nodes created - worst tet radius 1.04268 (nodes removed 0 1)
Info    : It. 423500 - 423499 nodes created - worst tet radius 1.04225 (nodes removed 0 1)
Info    : It. 424000 - 423999 nodes created - worst tet radius 1.04185 (nodes removed 0 1)
Info    : It. 424500 - 424499 nodes created - worst tet radius 1.04147 (nodes removed 0 1)
Info    : It. 425000 - 424999 nodes created - worst tet radius 1.04106 (nodes removed 0 1)
Info    : It. 425500 - 425499 nodes created - worst tet radius 1.04066 (nodes removed 0 1)
Info    : It. 426000 - 425999 nodes created - worst tet radius 1.04027 (nodes removed 0 1)
Info    : It. 426500 - 426499 nodes created - worst tet radius 1.03985 (nodes removed 0 1)
Info    : It. 427000 - 426999 nodes created - worst tet radius 1.03944 (nodes removed 0 1)
Info    : It. 427500 - 427499 nodes created - worst tet radius 1.03906 (nodes removed 0 1)
Info    : It. 428000 - 427999 nodes created - worst tet radius 1.03865 (nodes removed 0 1)
Info    : It. 428500 - 428499 nodes created - worst tet radius 1.03822 (nodes removed 0 1)
Info    : It. 429000 - 428999 nodes created - worst tet radius 1.03777 (nodes removed 0 1)
Info    : It. 429500 - 429499 nodes created - worst tet radius 1.03738 (nodes removed 0 1)
Info    : It. 430000 - 429999 nodes created - worst tet radius 1.03699 (nodes removed 0 1)
Info    : It. 430500 - 430499 nodes created - worst tet radius 1.0366 (nodes removed 0 1)
Info    : It. 431000 - 430999 nodes created - worst tet radius 1.03621 (nodes removed 0 1)
Info    : It. 431500 - 431499 nodes created - worst tet radius 1.03577 (nodes removed 0 1)
Info    : It. 432000 - 431999 nodes created - worst tet radius 1.03536 (nodes removed 0 1)
Info    : It. 432500 - 432499 nodes created - worst tet radius 1.03494 (nodes removed 0 1)
Info    : It. 433000 - 432999 nodes created - worst tet radius 1.03454 (nodes removed 0 1)
Info    : It. 433500 - 433499 nodes created - worst tet radius 1.03413 (nodes removed 0 1)
Info    : It. 434000 - 433999 nodes created - worst tet radius 1.03368 (nodes removed 0 1)
Info    : It. 434500 - 434499 nodes created - worst tet radius 1.03327 (nodes removed 0 1)
Info    : It. 435000 - 434999 nodes created - worst tet radius 1.03285 (nodes removed 0 1)
Info    : It. 435500 - 435499 nodes created - worst tet radius 1.03246 (nodes removed 0 1)
Info    : It. 436000 - 435999 nodes created - worst tet radius 1.03208 (nodes removed 0 1)
Info    : It. 436500 - 436499 nodes created - worst tet radius 1.03168 (nodes removed 0 1)
Info    : It. 437000 - 436999 nodes created - worst tet radius 1.03128 (nodes removed 0 1)
Info    : It. 437500 - 437499 nodes created - worst tet radius 1.03089 (nodes removed 0 1)
Info    : It. 438000 - 437999 nodes created - worst tet radius 1.03046 (nodes removed 0 1)
Info    : It. 438500 - 438499 nodes created - worst tet radius 1.03006 (nodes removed 0 1)
Info    : It. 439000 - 438999 nodes created - worst tet radius 1.02968 (nodes removed 0 1)
Info    : It. 439500 - 439499 nodes created - worst tet radius 1.02929 (nodes removed 0 1)
Info    : It. 440000 - 439999 nodes created - worst tet radius 1.02892 (nodes removed 0 1)
Info    : It. 440500 - 440499 nodes created - worst tet radius 1.02853 (nodes removed 0 1)
Info    : It. 441000 - 440999 nodes created - worst tet radius 1.02813 (nodes removed 0 1)
Info    : It. 441500 - 441499 nodes created - worst tet radius 1.02777 (nodes removed 0 1)
Info    : It. 442000 - 441999 nodes created - worst tet radius 1.0274 (nodes removed 0 1)
Info    : It. 442500 - 442499 nodes created - worst tet radius 1.02702 (nodes removed 0 1)
Info    : It. 443000 - 442999 nodes created - worst tet radius 1.02666 (nodes removed 0 1)
Info    : It. 443500 - 443499 nodes created - worst tet radius 1.02625 (nodes removed 0 1)
Info    : It. 444000 - 443999 nodes created - worst tet radius 1.02589 (nodes removed 0 1)
Info    : It. 444500 - 444499 nodes created - worst tet radius 1.0255 (nodes removed 0 1)
Info    : It. 445000 - 444999 nodes created - worst tet radius 1.02513 (nodes removed 0 1)
Info    : It. 445500 - 445499 nodes created - worst tet radius 1.02473 (nodes removed 0 1)
Info    : It. 446000 - 445999 nodes created - worst tet radius 1.02434 (nodes removed 0 1)
Info    : It. 446500 - 446499 nodes created - worst tet radius 1.02396 (nodes removed 0 1)
Info    : It. 447000 - 446999 nodes created - worst tet radius 1.02359 (nodes removed 0 1)
Info    : It. 447500 - 447499 nodes created - worst tet radius 1.02322 (nodes removed 0 1)
Info    : It. 448000 - 447999 nodes created - worst tet radius 1.02283 (nodes removed 0 1)
Info    : It. 448500 - 448499 nodes created - worst tet radius 1.02244 (nodes removed 0 1)
Info    : It. 449000 - 448999 nodes created - worst tet radius 1.02207 (nodes removed 0 1)
Info    : It. 449500 - 449498 nodes created - worst tet radius 1.02171 (nodes removed 0 2)
Info    : It. 450000 - 449998 nodes created - worst tet radius 1.02134 (nodes removed 0 2)
Info    : It. 450500 - 450498 nodes created - worst tet radius 1.02098 (nodes removed 0 2)
Info    : It. 451000 - 450998 nodes created - worst tet radius 1.02059 (nodes removed 0 2)
Info    : It. 451500 - 451498 nodes created - worst tet radius 1.02021 (nodes removed 0 2)
Info    : It. 452000 - 451998 nodes created - worst tet radius 1.01988 (nodes removed 0 2)
Info    : It. 452500 - 452498 nodes created - worst tet radius 1.01948 (nodes removed 0 2)
Info    : It. 453000 - 452998 nodes created - worst tet radius 1.01912 (nodes removed 0 2)
Info    : It. 453500 - 453498 nodes created - worst tet radius 1.01871 (nodes removed 0 2)
Info    : It. 454000 - 453998 nodes created - worst tet radius 1.01831 (nodes removed 0 2)
Info    : It. 454500 - 454498 nodes created - worst tet radius 1.01793 (nodes removed 0 2)
Info    : It. 455000 - 454998 nodes created - worst tet radius 1.01756 (nodes removed 0 2)
Info    : It. 455500 - 455498 nodes created - worst tet radius 1.01717 (nodes removed 0 2)
Info    : It. 456000 - 455998 nodes created - worst tet radius 1.01681 (nodes removed 0 2)
Info    : It. 456500 - 456498 nodes created - worst tet radius 1.01647 (nodes removed 0 2)
Info    : It. 457000 - 456998 nodes created - worst tet radius 1.01609 (nodes removed 0 2)
Info    : It. 457500 - 457498 nodes created - worst tet radius 1.01572 (nodes removed 0 2)
Info    : It. 458000 - 457998 nodes created - worst tet radius 1.01536 (nodes removed 0 2)
Info    : It. 458500 - 458497 nodes created - worst tet radius 1.01499 (nodes removed 0 3)
Info    : It. 459000 - 458997 nodes created - worst tet radius 1.01463 (nodes removed 0 3)
Info    : It. 459500 - 459497 nodes created - worst tet radius 1.01426 (nodes removed 0 3)
Info    : It. 460000 - 459997 nodes created - worst tet radius 1.01389 (nodes removed 0 3)
Info    : It. 460500 - 460497 nodes created - worst tet radius 1.01354 (nodes removed 0 3)
Info    : It. 461000 - 460997 nodes created - worst tet radius 1.0132 (nodes removed 0 3)
Info    : It. 461500 - 461497 nodes created - worst tet radius 1.01282 (nodes removed 0 3)
Info    : It. 462000 - 461997 nodes created - worst tet radius 1.01246 (nodes removed 0 3)
Info    : It. 462500 - 462497 nodes created - worst tet radius 1.01211 (nodes removed 0 3)
Info    : It. 463000 - 462997 nodes created - worst tet radius 1.01175 (nodes removed 0 3)
Info    : It. 463500 - 463497 nodes created - worst tet radius 1.01141 (nodes removed 0 3)
Info    : It. 464000 - 463997 nodes created - worst tet radius 1.01103 (nodes removed 0 3)
Info    : It. 464500 - 464497 nodes created - worst tet radius 1.01066 (nodes removed 0 3)
Info    : It. 465000 - 464997 nodes created - worst tet radius 1.01032 (nodes removed 0 3)
Info    : It. 465500 - 465497 nodes created - worst tet radius 1.00996 (nodes removed 0 3)
Info    : It. 466000 - 465997 nodes created - worst tet radius 1.00962 (nodes removed 0 3)
Info    : It. 466500 - 466497 nodes created - worst tet radius 1.00923 (nodes removed 0 3)
Info    : It. 467000 - 466997 nodes created - worst tet radius 1.00889 (nodes removed 0 3)
Info    : It. 467500 - 467497 nodes created - worst tet radius 1.00856 (nodes removed 0 3)
Info    : It. 468000 - 467997 nodes created - worst tet radius 1.00819 (nodes removed 0 3)
Info    : It. 468500 - 468497 nodes created - worst tet radius 1.00784 (nodes removed 0 3)
Info    : It. 469000 - 468997 nodes created - worst tet radius 1.00749 (nodes removed 0 3)
Info    : It. 469500 - 469497 nodes created - worst tet radius 1.00716 (nodes removed 0 3)
Info    : It. 470000 - 469997 nodes created - worst tet radius 1.00681 (nodes removed 0 3)
Info    : It. 470500 - 470497 nodes created - worst tet radius 1.00646 (nodes removed 0 3)
Info    : It. 471000 - 470997 nodes created - worst tet radius 1.0061 (nodes removed 0 3)
Info    : It. 471500 - 471497 nodes created - worst tet radius 1.00575 (nodes removed 0 3)
Info    : It. 472000 - 471997 nodes created - worst tet radius 1.00544 (nodes removed 0 3)
Info    : It. 472500 - 472497 nodes created - worst tet radius 1.00509 (nodes removed 0 3)
Info    : It. 473000 - 472997 nodes created - worst tet radius 1.00473 (nodes removed 0 3)
Info    : It. 473500 - 473497 nodes created - worst tet radius 1.0044 (nodes removed 0 3)
Info    : It. 474000 - 473997 nodes created - worst tet radius 1.00406 (nodes removed 0 3)
Info    : It. 474500 - 474497 nodes created - worst tet radius 1.00371 (nodes removed 0 3)
Info    : It. 475000 - 474997 nodes created - worst tet radius 1.00336 (nodes removed 0 3)
Info    : It. 475500 - 475497 nodes created - worst tet radius 1.00301 (nodes removed 0 3)
Info    : It. 476000 - 475997 nodes created - worst tet radius 1.00266 (nodes removed 0 3)
Info    : It. 476500 - 476497 nodes created - worst tet radius 1.00232 (nodes removed 0 3)
Info    : It. 477000 - 476997 nodes created - worst tet radius 1.00196 (nodes removed 0 3)
Info    : It. 477500 - 477497 nodes created - worst tet radius 1.00162 (nodes removed 0 3)
Info    : It. 478000 - 477997 nodes created - worst tet radius 1.00128 (nodes removed 0 3)
Info    : It. 478500 - 478497 nodes created - worst tet radius 1.00095 (nodes removed 0 3)
Info    : It. 479000 - 478997 nodes created - worst tet radius 1.0006 (nodes removed 0 3)
Info    : It. 479500 - 479497 nodes created - worst tet radius 1.00027 (nodes removed 0 3)
Info    : 3D refinement terminated (568916 nodes total):
Info    :  - 5 Delaunay cavities modified for star shapeness
Info    :  - 3 nodes could not be inserted
Info    :  - 3467247 tetrahedra created in 30.46 sec. (113829 tets/s)
Info    : 26 node relocations
