>> Running Gmsh...
   GEO: /Users/brisarojas/Desktop/phantom_simulation/run_2l_phantom/phantom-coarse-refinement.geo
   XAO: /Users/brisarojas/Desktop/phantom_simulation/run_2l_phantom/3v_model.xao
   OUT: /Users/brisarojas/Desktop/phantom_simulation/run_2l_phantom/phantom-0,5mm_3mm-refined_fields.msh
Info    : Running '/Users/brisarojas/micromamba/envs/env/bin/gmsh /Users/brisarojas/Desktop/phantom_simulation/run_2l_phantom/phantom-coarse-refinement.geo -v 4 -' [Gmsh 4.15.0, 1 node, max. 1 thread]
Info    : Started on Mon Dec 29 03:31:10 2025
Info    : Reading '/Users/brisarojas/Desktop/phantom_simulation/run_2l_phantom/phantom-coarse-refinement.geo'...
Info    : Reading '/Users/brisarojas/Desktop/phantom_simulation/run_2l_phantom/3v_model.xao'...
Info    : Snapping geometry point 157 to curve (distance = 2.2894e-07)
Info    : Snapping geometry point 157 to curve (distance = 2.28808e-07)
Info    : Snapping geometry point 158 to curve (distance = 4.23661e-07)
Info    : Snapping geometry point 158 to curve (distance = 4.23424e-07)
Info    : Snapping geometry point 166 to curve (distance = 8.25414e-06)
Info    : Snapping geometry point 166 to curve (distance = 1.63687e-05)
Info    : Snapping geometry point 166 to curve (distance = 8.90507e-06)
Info    : Snapping geometry point 168 to curve (distance = 1.72648e-07)
Info    : Snapping geometry point 168 to curve (distance = 7.39917e-08)
Info    : Snapping geometry point 169 to curve (distance = 2.11133e-07)
Info    : Snapping geometry point 169 to curve (distance = 6.10095e-07)
Info    : Snapping geometry point 169 to curve (distance = 6.03017e-07)
Info    : Snapping geometry point 170 to curve (distance = 0.000110418)
Info    : Snapping geometry point 170 to curve (distance = 0.000111181)
Info    : Snapping geometry point 170 to curve (distance = 0.000108896)
Info    : Snapping geometry point 172 to curve (distance = 1.31941e-08)
Info    : Snapping geometry point 172 to curve (distance = 1.31941e-08)
Info    : Snapping geometry point 172 to curve (distance = 1.24682e-08)
Info    : Snapping geometry point 173 to curve (distance = 1.27243e-08)
Info    : Snapping geometry point 175 to curve (distance = 4.23324e-08)
Info    : Snapping geometry point 176 to curve (distance = 6.66629e-07)
Info    : Snapping geometry point 176 to curve (distance = 6.66629e-07)
Info    : Snapping geometry point 176 to curve (distance = 2.11342e-07)
Info    : Snapping geometry point 177 to curve (distance = 1.61798e-07)
Info    : Snapping geometry point 178 to curve (distance = 4.79562e-07)
Info    : Snapping geometry point 178 to curve (distance = 4.79562e-07)
Info    : Snapping geometry point 181 to curve (distance = 1.12359e-05)
Info    : Snapping geometry point 181 to curve (distance = 2.21386e-05)
Info    : Snapping geometry point 181 to curve (distance = 5.48e-06)
Info    : Snapping geometry point 182 to curve (distance = 1.07898e-07)
Info    : Snapping geometry point 182 to curve (distance = 1.07613e-07)
Info    : Snapping geometry point 182 to curve (distance = 1.05678e-07)
Info    : Snapping geometry point 185 to curve (distance = 8.21712e-06)
Info    : Snapping geometry point 185 to curve (distance = 1.27313e-05)
Info    : Snapping geometry point 185 to curve (distance = 6.36258e-06)
Info    : Snapping geometry point 187 to curve (distance = 6.78633e-05)
Info    : Snapping geometry point 187 to curve (distance = 0.000135727)
Info    : Snapping geometry point 187 to curve (distance = 6.78633e-05)
Info    : Snapping geometry point 212 to curve (distance = 6.78633e-05)
Info    : Snapping geometry point 212 to curve (distance = 0.000135727)
Info    : Snapping geometry point 212 to curve (distance = 6.78633e-05)
Info    : Snapping geometry point 213 to curve (distance = 2.86425e-06)
Info    : Snapping geometry point 213 to curve (distance = 5.72851e-06)
Info    : Snapping geometry point 215 to curve (distance = 9.45848e-06)
Info    : Snapping geometry point 215 to curve (distance = 9.5303e-06)
Info    : Snapping geometry point 215 to curve (distance = 1.70219e-05)
Info    : Snapping geometry point 218 to curve (distance = 1.07942e-07)
Info    : Snapping geometry point 218 to curve (distance = 2.03255e-08)
Info    : Snapping geometry point 219 to curve (distance = 9.19405e-06)
Info    : Snapping geometry point 219 to curve (distance = 1.85939e-05)
Info    : Snapping geometry point 219 to curve (distance = 4.67761e-06)
Info    : Snapping geometry point 222 to curve (distance = 4.79562e-07)
Info    : Snapping geometry point 222 to curve (distance = 4.79562e-07)
Info    : Snapping geometry point 223 to curve (distance = 1.61798e-07)
Info    : Snapping geometry point 224 to curve (distance = 6.66629e-07)
Info    : Snapping geometry point 224 to curve (distance = 6.23118e-07)
Info    : Snapping geometry point 225 to curve (distance = 4.23324e-08)
Info    : Snapping geometry point 227 to curve (distance = 1.27243e-08)
Info    : Snapping geometry point 228 to curve (distance = 1.24682e-08)
Info    : Snapping geometry point 230 to curve (distance = 5.91843e-05)
Info    : Snapping geometry point 230 to curve (distance = 0.000111066)
Info    : Snapping geometry point 230 to curve (distance = 0.000111066)
Info    : Snapping geometry point 231 to curve (distance = 1.63945e-06)
Info    : Snapping geometry point 231 to curve (distance = 2.48346e-06)
Info    : Snapping geometry point 231 to curve (distance = 2.66716e-07)
Info    : Snapping geometry point 232 to curve (distance = 1.55989e-07)
Info    : Snapping geometry point 232 to curve (distance = 7.39917e-08)
Info    : Snapping geometry point 234 to curve (distance = 1.05418e-05)
Info    : Snapping geometry point 234 to curve (distance = 2.11511e-05)
Info    : Snapping geometry point 234 to curve (distance = 5.46758e-06)
Info    : Snapping geometry point 250 to curve (distance = 2.18663e-06)
Info    : Snapping geometry point 250 to curve (distance = 5.89557e-06)
Info    : Snapping geometry point 250 to curve (distance = 9.76191e-06)
Info    : Snapping geometry point 251 to curve (distance = 2.73695e-08)
Info    : Snapping geometry point 251 to curve (distance = 2.73681e-08)
Info    : Snapping geometry point 251 to curve (distance = 2.73818e-08)
Info    : Snapping geometry point 256 to curve (distance = 3.17457e-08)
Info    : Snapping geometry point 256 to curve (distance = 2.52933e-08)
Info    : Snapping geometry point 257 to curve (distance = 6.57441e-05)
Info    : Snapping geometry point 257 to curve (distance = 0.000131137)
Info    : Snapping geometry point 257 to curve (distance = 6.48256e-05)
Info    : Snapping geometry point 262 to curve (distance = 3.78674e-05)
Info    : Snapping geometry point 262 to curve (distance = 7.57348e-05)
Info    : Snapping geometry point 262 to curve (distance = 3.78674e-05)
Info    : Snapping geometry point 263 to curve (distance = 9.96016e-06)
Info    : Snapping geometry point 263 to curve (distance = 2.00242e-05)
Info    : Snapping geometry point 264 to curve (distance = 5.21123e-08)
Info    : Snapping geometry point 264 to curve (distance = 4.70718e-08)
Info    : Snapping geometry point 264 to curve (distance = 1.06418e-07)
Info    : Snapping geometry point 271 to curve (distance = 1.25402e-08)
Info    : Snapping geometry point 271 to curve (distance = 1.25321e-08)
Info    : Snapping geometry point 271 to curve (distance = 1.25706e-08)
Info    : Snapping geometry point 275 to curve (distance = 1.83764e-08)
Info    : Snapping geometry point 275 to curve (distance = 1.83287e-08)
Info    : Snapping geometry point 275 to curve (distance = 1.86067e-08)
Info    : Snapping geometry point 276 to curve (distance = 1.15698e-08)
Info    : Snapping geometry point 276 to curve (distance = 1.1569e-08)
Info    : Snapping geometry point 276 to curve (distance = 1.15762e-08)
Info    : Snapping geometry point 277 to curve (distance = 2.14433e-08)
Info    : Snapping geometry point 277 to curve (distance = 2.14429e-08)
Info    : Snapping geometry point 277 to curve (distance = 2.1446e-08)
Info    : Snapping geometry point 283 to curve (distance = 5.15628e-06)
Info    : Snapping geometry point 283 to curve (distance = 1.03215e-05)
Info    : Snapping geometry point 283 to curve (distance = 4.60204e-06)
Info    : Snapping geometry point 284 to curve (distance = 1.85647e-07)
Info    : Snapping geometry point 284 to curve (distance = 3.68246e-07)
Info    : Snapping geometry point 285 to curve (distance = 3.33883e-08)
Info    : Snapping geometry point 285 to curve (distance = 3.31372e-08)
Info    : Snapping geometry point 285 to curve (distance = 3.93599e-08)
Info    : Snapping geometry point 288 to curve (distance = 2.5553e-06)
Info    : Snapping geometry point 288 to curve (distance = 5.14015e-06)
Info    : Snapping geometry point 288 to curve (distance = 2.11795e-07)
Info    : Snapping geometry point 293 to curve (distance = 2.13641e-08)
Info    : Snapping geometry point 293 to curve (distance = 4.27292e-08)
Info    : Snapping geometry point 294 to curve (distance = 1.15425e-08)
Info    : Snapping geometry point 294 to curve (distance = 2.30873e-08)
Info    : Snapping geometry point 295 to curve (distance = 1.54418e-07)
Info    : Snapping geometry point 295 to curve (distance = 4.64251e-07)
Info    : Snapping geometry point 295 to curve (distance = 3.12371e-07)
Info    : Snapping geometry point 296 to curve (distance = 1.45686e-07)
Info    : Snapping geometry point 296 to curve (distance = 2.85138e-07)
Info    : Snapping geometry point 296 to curve (distance = 1.91012e-07)
Info    : Snapping geometry point 300 to curve (distance = 3.72812e-08)
Info    : Snapping geometry point 301 to curve (distance = 2.6964e-08)
Info    : Snapping geometry point 301 to curve (distance = 2.6964e-08)
Info    : Snapping geometry point 303 to curve (distance = 1.91606e-08)
Info    : Snapping geometry point 303 to curve (distance = 5.14332e-05)
Info    : Snapping geometry point 303 to curve (distance = 0.000102797)
Info    : Snapping geometry point 304 to curve (distance = 1.63165e-05)
Info    : Snapping geometry point 304 to curve (distance = 3.25372e-05)
Info    : Snapping geometry point 305 to curve (distance = 3.49555e-05)
Info    : Snapping geometry point 305 to curve (distance = 7.26764e-05)
Info    : Snapping geometry point 310 to curve (distance = 6.11057e-05)
Info    : Snapping geometry point 310 to curve (distance = 0.000123311)
Info    : Snapping geometry point 310 to curve (distance = 6.90267e-05)
Info    : Snapping geometry point 311 to curve (distance = 2.84716e-08)
Info    : Snapping geometry point 311 to curve (distance = 2.9156e-08)
Info    : Snapping geometry point 311 to curve (distance = 3.41198e-08)
Info    : Snapping geometry point 316 to curve (distance = 2.63137e-08)
Info    : Snapping geometry point 316 to curve (distance = 5.26309e-08)
Info    : Snapping geometry point 317 to curve (distance = 2.40782e-06)
Info    : Snapping geometry point 317 to curve (distance = 2.352e-06)
Info    : Snapping geometry point 317 to curve (distance = 2.83069e-06)
Info    : Snapping geometry point 329 to curve (distance = 4.84479e-08)
Info    : Snapping geometry point 329 to curve (distance = 3.47398e-08)
Info    : Snapping geometry point 479 to curve (distance = 1.11328e-07)
Info    : Snapping geometry point 481 to curve (distance = 5.70903e-07)
Info    : Snapping geometry point 481 to curve (distance = 1.73408e-07)
Info    : Snapping geometry point 492 to curve (distance = 3.93189e-07)
Info    : Snapping geometry point 610 to curve (distance = 1.02423e-08)
Info    : Snapping geometry point 612 to curve (distance = 1.97498e-08)
Info    : Snapping geometry point 626 to curve (distance = 4.20611e-08)
Info    : Snapping geometry point 627 to curve (distance = 2.67648e-08)
Info    : Snapping geometry point 629 to curve (distance = 7.24738e-08)
Info    : Snapping geometry point 634 to curve (distance = 6.25334e-08)
Info    : Snapping geometry point 636 to curve (distance = 1.97748e-08)
Info    : Snapping geometry point 665 to curve (distance = 5.09659e-07)
Info    : Snapping geometry point 678 to curve (distance = 8.48725e-08)
Info    : Snapping geometry point 685 to curve (distance = 2.8682e-08)
Info    : Snapping geometry point 687 to curve (distance = 3.56083e-08)
Info    : Snapping geometry point 689 to curve (distance = 6.57782e-08)
Info    : Snapping geometry point 955 to curve (distance = 6.94041e-07)
Info    : Snapping geometry point 957 to curve (distance = 1.635e-07)
Info    : Snapping geometry point 959 to curve (distance = 5.5038e-07)
Info    : Snapping geometry point 961 to curve (distance = 1.69163e-07)
Info    : Snapping geometry point 961 to curve (distance = 1.69021e-07)
Info    : Snapping geometry point 962 to curve (distance = 2.73619e-08)
Info    : Snapping geometry point 964 to curve (distance = 4.23661e-07)
Info    : Snapping geometry point 964 to curve (distance = 4.23218e-07)
Info    : Snapping geometry point 998 to curve (distance = 9.78796e-07)
Info    : Snapping geometry point 998 to curve (distance = 1.60643e-07)
Info    : Snapping geometry point 999 to curve (distance = 5.44954e-07)
Info    : Snapping geometry point 999 to curve (distance = 1.00422e-07)
Info    : Snapping geometry point 1001 to curve (distance = 1.22101e-07)
Info    : Snapping geometry point 1003 to curve (distance = 1.44876e-06)
Info    : Snapping geometry point 1030 to curve (distance = 1.85166e-07)
Info    : Snapping geometry point 1032 to curve (distance = 1.46775e-07)
Info    : Snapping geometry point 1032 to curve (distance = 4.77337e-08)
Info    : Snapping geometry point 1034 to curve (distance = 9.69116e-08)
Info    : Snapping geometry point 1034 to curve (distance = 9.69116e-08)
Info    : Snapping geometry point 1075 to curve (distance = 1.29799e-07)
Info    : Snapping geometry point 1075 to curve (distance = 4.12186e-08)
Info    : Snapping geometry point 1084 to curve (distance = 4.77914e-06)
Info    : Snapping geometry point 1086 to curve (distance = 6.55654e-06)
Info    : Snapping geometry point 1087 to curve (distance = 1.5183e-06)
Info    : Snapping geometry point 1087 to curve (distance = 6.57391e-07)
Info    : Snapping geometry point 1088 to curve (distance = 1.0577e-06)
Info    : Snapping geometry point 1089 to curve (distance = 9.26701e-08)
Info    : Snapping geometry point 1089 to curve (distance = 2.38001e-08)
Info    : Snapping geometry point 1096 to curve (distance = 7.02842e-07)
Info    : Snapping geometry point 1096 to curve (distance = 2.70536e-07)
Info    : Snapping geometry point 1098 to curve (distance = 1.81408e-07)
Info    : Snapping geometry point 1098 to curve (distance = 5.97595e-08)
Info    : Snapping geometry point 1117 to curve (distance = 4.02968e-07)
Info    : Snapping geometry point 1118 to curve (distance = 1.8638e-08)
Info    : Snapping geometry point 1123 to curve (distance = 3.93691e-07)
Info    : Snapping geometry point 1135 to curve (distance = 1.2557e-06)
Info    : Snapping geometry point 1136 to curve (distance = 2.75515e-08)
Info    : Snapping geometry point 1137 to curve (distance = 2.28532e-08)
Info    : Snapping geometry point 1152 to curve (distance = 1.5791e-08)
Info    : Snapping geometry point 1154 to curve (distance = 1.18391e-08)
Info    : Snapping geometry point 1155 to curve (distance = 2.91133e-08)
Info    : Snapping geometry point 1156 to curve (distance = 1.93024e-08)
Info    : Snapping geometry point 1157 to curve (distance = 1.47841e-07)
Info    : Snapping geometry point 1307 to curve (distance = 1.52782e-07)
Info    : Snapping geometry point 1307 to curve (distance = 4.39912e-08)
Info    : Snapping geometry point 1309 to curve (distance = 4.93174e-08)
Info    : Snapping geometry point 1321 to curve (distance = 7.93796e-07)
Info    : Snapping geometry point 1439 to curve (distance = 1.62817e-08)
Info    : Snapping geometry point 1456 to curve (distance = 1.43965e-08)
Info    : Snapping geometry point 1462 to curve (distance = 2.06839e-08)
Info    : Snapping geometry point 1493 to curve (distance = 2.83193e-07)
Info    : Snapping geometry point 1507 to curve (distance = 5.61141e-08)
Info    : Snapping geometry point 1513 to curve (distance = 1.58302e-08)
Info    : Snapping geometry point 1515 to curve (distance = 2.39235e-08)
Info    : Snapping geometry point 1516 to curve (distance = 3.40432e-08)
Info    : Snapping geometry point 1646 to curve (distance = 4.12509e-08)
Info    : Snapping geometry point 1784 to curve (distance = 3.066e-07)
Info    : Snapping geometry point 1785 to curve (distance = 3.27182e-06)
Info    : Snapping geometry point 1785 to curve (distance = 3.27182e-06)
Info    : Snapping geometry point 1786 to curve (distance = 1.27544e-06)
Info    : Snapping geometry point 1787 to curve (distance = 3.88058e-08)
Info    : Snapping geometry point 1788 to curve (distance = 2.74033e-08)
Info    : Snapping geometry point 1788 to curve (distance = 2.74033e-08)
Info    : Snapping geometry point 1825 to curve (distance = 2.60975e-06)
Info    : Snapping geometry point 1825 to curve (distance = 2.60975e-06)
Info    : Snapping geometry point 1826 to curve (distance = 1.4768e-07)
Info    : Snapping geometry point 1828 to curve (distance = 2.87812e-07)
Info    : Snapping geometry point 1828 to curve (distance = 5.26772e-08)
Info    : Snapping geometry point 1831 to curve (distance = 7.4138e-07)
Info    : Snapping geometry point 1857 to curve (distance = 1.43649e-07)
Info    : Snapping geometry point 1858 to curve (distance = 1.25605e-06)
Info    : Snapping geometry point 1858 to curve (distance = 4.41029e-07)
Info    : Snapping geometry point 1900 to curve (distance = 6.00062e-08)
Info    : Snapping geometry point 1909 to curve (distance = 1.73187e-06)
Info    : Snapping geometry point 1911 to curve (distance = 4.51389e-07)
Info    : Snapping geometry point 1912 to curve (distance = 1.03201e-07)
Info    : Snapping geometry point 1912 to curve (distance = 4.10321e-08)
Info    : Snapping geometry point 1913 to curve (distance = 1.09806e-07)
Info    : Snapping geometry point 1914 to curve (distance = 5.46436e-08)
Info    : Snapping geometry point 1914 to curve (distance = 1.44227e-08)
Info    : Snapping geometry point 1929 to curve (distance = 1.38096e-06)
Info    : Snapping geometry point 1929 to curve (distance = 4.38333e-07)
Info    : Snapping geometry point 1930 to curve (distance = 1.38968e-07)
Info    : Snapping geometry point 1933 to curve (distance = 2.07189e-07)
Info    : Snapping geometry point 1933 to curve (distance = 2.04489e-08)
Info    : Snapping geometry point 1939 to curve (distance = 1.42506e-07)
Info    : Snapping geometry point 1940 to curve (distance = 2.64279e-08)
Info    : Snapping geometry point 1941 to curve (distance = 1.72583e-07)
Info    : Snapping geometry point 1941 to curve (distance = 2.47382e-08)
Info    : Snapping geometry point 1956 to curve (distance = 1.7315e-07)
Info    : Snapping geometry point 1956 to curve (distance = 1.09604e-08)
Info    : Snapping geometry point 1958 to curve (distance = 2.4136e-07)
Info    : Snapping geometry point 1958 to curve (distance = 1.81714e-08)
Info    : Snapping geometry point 1959 to curve (distance = 1.21479e-07)
Info    : Snapping geometry point 1960 to curve (distance = 2.10684e-08)
Info    : Snapping geometry point 1966 to curve (distance = 2.89719e-06)
Info    : Snapping geometry point 1966 to curve (distance = 1.56125e-05)
Info    : Snapping geometry point 1971 to curve (distance = 1.47841e-05)
Info    : Snapping geometry point 1971 to curve (distance = 1.56124e-05)
Info    : Snapping geometry point 1975 to curve (distance = 2.74132e-07)
Info    : Snapping geometry point 1975 to curve (distance = 2.74132e-07)
Info    : Snapping geometry point 1980 to curve (distance = 4.05176e-07)
Info    : Snapping geometry point 1984 to curve (distance = 2.74132e-07)
Info    : Snapping geometry point 1984 to curve (distance = 1.47929e-07)
Info    : Snapping geometry point 1992 to curve (distance = 9.09526e-07)
Info    : Snapping geometry point 1993 to curve (distance = 4.05176e-07)
Info    : Snapping geometry point 1998 to curve (distance = 7.29413e-08)
Info    : Snapping geometry point 1998 to curve (distance = 7.29413e-08)
Info    : Snapping geometry point 2001 to curve (distance = 1.48308e-07)
Info    : Snapping geometry point 2001 to curve (distance = 1.48308e-07)
Info    : Snapping geometry point 2006 to curve (distance = 1.48308e-07)
Info    : Snapping geometry point 2006 to curve (distance = 1.48308e-07)
Info    : Snapping geometry point 2009 to curve (distance = 9.69116e-08)
Info    : Snapping geometry point 2009 to curve (distance = 9.69116e-08)
Info    : Snapping geometry point 2011 to curve (distance = 7.29413e-08)
Info    : Snapping geometry point 2011 to curve (distance = 7.29413e-08)
Info    : Snapping geometry point 2030 to curve (distance = 1.50076e-06)
Info    : Snapping geometry point 2033 to curve (distance = 2.04077e-07)
Info    : Snapping geometry point 2033 to curve (distance = 7.84581e-08)
Info    : Snapping geometry point 2100 to curve (distance = 6.63119e-08)
Info    : Snapping geometry point 2100 to curve (distance = 1.08648e-08)
Info    : Snapping geometry point 2102 to curve (distance = 5.70909e-08)
Info    : Snapping geometry point 2102 to curve (distance = 1.91075e-08)
Info    : Snapping geometry point 2104 to curve (distance = 5.14412e-08)
Info    : Snapping geometry point 2104 to curve (distance = 2.48174e-08)
Info    : Snapping geometry point 2106 to curve (distance = 5.62477e-08)
Info    : Snapping geometry point 2108 to curve (distance = 2.10035e-08)
Info    : Snapping geometry point 2110 to curve (distance = 1.58628e-08)
Info    : Snapping geometry point 2111 to curve (distance = 2.53181e-07)
Info    : Snapping geometry point 2111 to curve (distance = 7.48183e-08)
Info    : Snapping geometry point 2113 to curve (distance = 2.18265e-08)
Info    : Snapping geometry point 2163 to curve (distance = 2.18904e-08)
Info    : Snapping geometry point 2165 to curve (distance = 1.75188e-08)
Info    : Snapping geometry point 2166 to curve (distance = 3.45658e-07)
Info    : Snapping geometry point 2166 to curve (distance = 1.01776e-07)
Info    : Snapping geometry point 2168 to curve (distance = 2.10035e-08)
Info    : Snapping geometry point 2170 to curve (distance = 5.62477e-08)
Info    : Snapping geometry point 2172 to curve (distance = 5.25925e-08)
Info    : Snapping geometry point 2172 to curve (distance = 2.52783e-08)
Info    : Snapping geometry point 2174 to curve (distance = 5.70909e-08)
Info    : Snapping geometry point 2174 to curve (distance = 1.91075e-08)
Info    : Snapping geometry point 2176 to curve (distance = 6.63119e-08)
Info    : Snapping geometry point 2176 to curve (distance = 1.08648e-08)
Info    : Snapping geometry point 2178 to curve (distance = 1.38112e-08)
Info    : Snapping geometry point 2179 to curve (distance = 2.85576e-08)
Info    : Snapping geometry point 2179 to curve (distance = 1.50392e-08)
Info    : Snapping geometry point 2182 to curve (distance = 2.78753e-08)
Info    : Snapping geometry point 2184 to curve (distance = 1.77738e-08)
Info    : Snapping geometry point 2186 to curve (distance = 6.80753e-08)
Info    : Snapping geometry point 2187 to curve (distance = 9.04266e-08)
Info    : Snapping geometry point 2196 to curve (distance = 3.15641e-08)
Info    : Snapping geometry point 2198 to curve (distance = 1.79051e-08)
Info    : Snapping geometry point 2256 to curve (distance = 1.7905e-08)
Info    : Snapping geometry point 2258 to curve (distance = 3.15641e-08)
Info    : Snapping geometry point 2268 to curve (distance = 9.53316e-08)
Info    : Snapping geometry point 2269 to curve (distance = 7.61679e-08)
Info    : Snapping geometry point 2294 to curve (distance = 7.94469e-08)
Info    : Snapping geometry point 2295 to curve (distance = 1.75245e-08)
Info    : Snapping geometry point 2295 to curve (distance = 1.75245e-08)
Info    : Snapping geometry point 2296 to curve (distance = 1.02159e-08)
Info    : Snapping geometry point 2297 to curve (distance = 3.59104e-08)
Info    : Snapping geometry point 2298 to curve (distance = 1.24567e-08)
Info    : Snapping geometry point 2303 to curve (distance = 2.72926e-06)
Info    : Snapping geometry point 2305 to curve (distance = 1.10384e-08)
Info    : Snapping geometry point 2307 to curve (distance = 7.66641e-07)
Info    : Snapping geometry point 2307 to curve (distance = 4.1585e-07)
Info    : Snapping geometry point 2338 to curve (distance = 1.75245e-08)
Info    : Snapping geometry point 2338 to curve (distance = 1.75245e-08)
Info    : Snapping geometry point 2339 to curve (distance = 1.02159e-08)
Info    : Snapping geometry point 2339 to curve (distance = 1.02159e-08)
Info    : Snapping geometry point 2340 to curve (distance = 1.19902e-08)
Info    : Snapping geometry point 2340 to curve (distance = 1.19902e-08)
Info    : Snapping geometry point 2341 to curve (distance = 5.12135e-08)
Info    : Snapping geometry point 2341 to curve (distance = 5.12135e-08)
Info    : Snapping geometry point 2342 to curve (distance = 1.96041e-08)
Info    : Snapping geometry point 2342 to curve (distance = 1.96041e-08)
Info    : Snapping geometry point 2343 to curve (distance = 1.34725e-08)
Info    : Snapping geometry point 2343 to curve (distance = 1.34725e-08)
Info    : Snapping geometry point 2351 to curve (distance = 1.28513e-08)
Info    : Snapping geometry point 2352 to curve (distance = 1.34726e-08)
Info    : Snapping geometry point 2352 to curve (distance = 1.34726e-08)
Info    : Snapping geometry point 2352 to curve (distance = 1.15014e-08)
Info    : Snapping geometry point 2353 to curve (distance = 1.96041e-08)
Info    : Snapping geometry point 2353 to curve (distance = 1.96041e-08)
Info    : Snapping geometry point 2354 to curve (distance = 5.12136e-08)
Info    : Snapping geometry point 2354 to curve (distance = 5.12136e-08)
Info    : Snapping geometry point 2355 to curve (distance = 1.19902e-08)
Info    : Snapping geometry point 2355 to curve (distance = 1.19902e-08)
Info    : Snapping geometry point 2356 to curve (distance = 1.06736e-08)
Info    : Snapping geometry point 2361 to curve (distance = 2.85576e-08)
Info    : Snapping geometry point 2361 to curve (distance = 1.50392e-08)
Info    : Snapping geometry point 2363 to curve (distance = 1.38112e-08)
Info    : Snapping geometry point 2366 to curve (distance = 1.77738e-08)
Info    : Snapping geometry point 2369 to curve (distance = 2.78753e-08)
Info    : Snapping geometry point 2374 to curve (distance = 9.80601e-07)
Info    : Snapping geometry point 2375 to curve (distance = 1.25784e-07)
Info    : Snapping geometry point 2375 to curve (distance = 6.75957e-08)
Info    : Snapping geometry point 2389 to curve (distance = 1.31883e-08)
Info    : Snapping geometry point 2412 to curve (distance = 1.35546e-08)
Info    : Snapping geometry point 2416 to curve (distance = 6.13974e-08)
Info    : Snapping geometry point 2416 to curve (distance = 2.05812e-08)
Info    : Snapping geometry point 2441 to curve (distance = 5.34606e-07)
Info    : Snapping geometry point 2441 to curve (distance = 1.65353e-07)
Info    : Snapping geometry point 2443 to curve (distance = 2.12981e-06)
Info    : Snapping geometry point 2443 to curve (distance = 6.15356e-07)
Info    : Snapping geometry point 2444 to curve (distance = 1.88315e-08)
Info    : Snapping geometry point 2449 to curve (distance = 2.69109e-07)
Info    : Snapping geometry point 2457 to curve (distance = 5.17878e-08)
Info    : Snapping geometry point 2515 to curve (distance = 1.06736e-08)
Info    : Snapping geometry point 2522 to curve (distance = 2.92723e-07)
Info    : Snapping geometry point 2522 to curve (distance = 1.56005e-07)
Info    : Snapping geometry point 2524 to curve (distance = 3.46523e-06)
Info    : Snapping geometry point 2527 to curve (distance = 3.57991e-06)
Info    : Snapping geometry point 2527 to curve (distance = 1.95135e-06)
Info    : Snapping geometry point 2541 to curve (distance = 9.168e-08)
Info    : Snapping geometry point 2547 to curve (distance = 1.31883e-08)
Info    : Snapping geometry point 2569 to curve (distance = 7.94469e-08)
Info    : Snapping geometry point 2571 to curve (distance = 1.35546e-08)
Info    : Snapping geometry point 2576 to curve (distance = 6.13974e-08)
Info    : Snapping geometry point 2576 to curve (distance = 2.05812e-08)
Info    : Snapping geometry point 2603 to curve (distance = 5.14873e-07)
Info    : Snapping geometry point 2603 to curve (distance = 1.49026e-07)
Info    : Snapping geometry point 2605 to curve (distance = 1.6831e-06)
Info    : Snapping geometry point 2605 to curve (distance = 5.18999e-07)
Info    : Snapping geometry point 2607 to curve (distance = 3.89731e-08)
Info    : Snapping geometry point 2617 to curve (distance = 3.43983e-08)
Info    : Snapping geometry point 2625 to curve (distance = 7.58999e-08)
Info    : Snapping geometry point 2682 to curve (distance = 2.72926e-06)
Info    : Snapping geometry point 2682 to curve (distance = 1.14942e-06)
Info    : Snapping geometry point 4143 to curve (distance = 1.77482e-08)
Info    : Snapping geometry point 4146 to curve (distance = 1.06736e-08)
Info    : Snapping geometry point 4148 to curve (distance = 1.30877e-08)
Info    : Snapping geometry point 4148 to curve (distance = 1.30877e-08)
Info    : Snapping geometry point 4148 to curve (distance = 1.32207e-08)
Info    : Snapping geometry point 4157 to curve (distance = 1.37009e-08)
Info    : Snapping geometry point 4157 to curve (distance = 1.37009e-08)
Info    : Snapping geometry point 4158 to curve (distance = 4.7138e-08)
Info    : Snapping geometry point 4158 to curve (distance = 4.7138e-08)
Info    : Snapping geometry point 4165 to curve (distance = 4.7138e-08)
Info    : Snapping geometry point 4165 to curve (distance = 4.7138e-08)
Info    : Snapping geometry point 4166 to curve (distance = 1.37009e-08)
Info    : Snapping geometry point 4166 to curve (distance = 1.37009e-08)
Info    : Snapping geometry point 4175 to curve (distance = 1.30877e-08)
Info    : Snapping geometry point 4177 to curve (distance = 1.06736e-08)
Info    : Snapping geometry point 4181 to curve (distance = 1.77482e-08)
Info    : Snapping geometry point 4182 to curve (distance = 2.42879e-08)
Info    : Snapping geometry point 4183 to curve (distance = 1.29517e-08)
Info    : Snapping geometry point 4183 to curve (distance = 1.64361e-08)
Info    : Snapping geometry point 4184 to curve (distance = 1.40374e-08)
Info    : Snapping geometry point 4184 to curve (distance = 1.40374e-08)
Info    : Snapping geometry point 4184 to curve (distance = 1.38112e-08)
Info    : Snapping geometry point 4185 to curve (distance = 7.33524e-08)
Info    : Snapping geometry point 4185 to curve (distance = 7.33524e-08)
Info    : Snapping geometry point 4185 to curve (distance = 5.77879e-08)
Info    : Snapping geometry point 4186 to curve (distance = 5.54214e-08)
Info    : Snapping geometry point 4187 to curve (distance = 5.73704e-08)
Info    : Snapping geometry point 4188 to curve (distance = 2.177e-08)
Info    : Snapping geometry point 4189 to curve (distance = 3.37332e-08)
Info    : Snapping geometry point 4218 to curve (distance = 3.37332e-08)
Info    : Snapping geometry point 4219 to curve (distance = 2.177e-08)
Info    : Snapping geometry point 4220 to curve (distance = 5.84059e-08)
Info    : Snapping geometry point 4221 to curve (distance = 5.54214e-08)
Info    : Snapping geometry point 4222 to curve (distance = 7.33524e-08)
Info    : Snapping geometry point 4222 to curve (distance = 4.57726e-08)
Info    : Snapping geometry point 4223 to curve (distance = 1.40374e-08)
Info    : Snapping geometry point 4224 to curve (distance = 1.29517e-08)
Info    : Snapping geometry point 4224 to curve (distance = 1.29517e-08)
Info    : Snapping geometry point 4224 to curve (distance = 2.42768e-08)
Info    : Snapping geometry point 4225 to curve (distance = 2.42879e-08)
Info    : Snapping geometry point 4227 to curve (distance = 4.80553e-07)
Info    : Snapping geometry point 4227 to curve (distance = 4.80553e-07)
Info    : Snapping geometry point 4228 to curve (distance = 1.61798e-07)
Info    : Snapping geometry point 4228 to curve (distance = 1.61798e-07)
Info    : Snapping geometry point 4356 to curve (distance = 9.69116e-08)
Info    : Snapping geometry point 4357 to curve (distance = 7.29413e-08)
Info    : Snapping geometry point 4398 to curve (distance = 7.29413e-08)
Info    : Snapping geometry point 4400 to curve (distance = 9.69116e-08)
Info    : Snapping geometry point 4403 to curve (distance = 1.48308e-07)
Info    : Snapping geometry point 4408 to curve (distance = 1.48308e-07)
Info    : Snapping geometry point 4413 to curve (distance = 1.38096e-06)
Info    : Snapping geometry point 4413 to curve (distance = 4.38333e-07)
Info    : Snapping geometry point 4415 to curve (distance = 1.88393e-07)
Info    : Snapping geometry point 4415 to curve (distance = 7.84581e-08)
Info    : Snapping geometry point 4416 to curve (distance = 1.50076e-06)
Info    : Snapping geometry point 4417 to curve (distance = 2.08196e-07)
Info    : Snapping geometry point 4417 to curve (distance = 2.04489e-08)
Info    : Snapping geometry point 4614 to curve (distance = 2.16382e-07)
Info    : Snapping geometry point 4614 to curve (distance = 1.48821e-07)
Info    : Snapping geometry point 4615 to curve (distance = 8.9159e-07)
Info    : Snapping geometry point 4615 to curve (distance = 8.9159e-07)
Info    : Snapping geometry point 5013 to curve (distance = 4.90723e-07)
Info    : Snapping geometry point 5062 to curve (distance = 4.90723e-07)
Info    : Snapping geometry point 5475 to curve (distance = 2.74177e-07)
Info    : Snapping geometry point 5476 to curve (distance = 2.76546e-07)
Info    : Snapping geometry point 5476 to curve (distance = 8.17623e-08)
Info    : Snapping geometry point 5477 to curve (distance = 1.06043e-05)
Info    : Snapping geometry point 5477 to curve (distance = 1.70219e-05)
Info    : Snapping geometry point 5477 to curve (distance = 9.5303e-06)
Info    : Snapping geometry point 5477 to curve (distance = 1.79113e-05)
Info    : Snapping geometry point 5480 to curve (distance = 1.06011e-07)
Info    : Snapping geometry point 5480 to curve (distance = 1.05809e-07)
Info    : Snapping geometry point 5481 to curve (distance = 9.19405e-06)
Info    : Snapping geometry point 5481 to curve (distance = 1.67645e-05)
Info    : Snapping geometry point 5481 to curve (distance = 4.67761e-06)
Info    : Snapping geometry point 5482 to curve (distance = 2.14433e-08)
Info    : Snapping geometry point 5482 to curve (distance = 4.28876e-08)
Info    : Snapping geometry point 5482 to curve (distance = 2.1446e-08)
Info    : Snapping geometry point 5483 to curve (distance = 1.15723e-08)
Info    : Snapping geometry point 5483 to curve (distance = 2.31416e-08)
Info    : Snapping geometry point 5484 to curve (distance = 1.47841e-05)
Info    : Snapping geometry point 5484 to curve (distance = 1.56125e-05)
Info    : Snapping geometry point 5486 to curve (distance = 1.83701e-08)
Info    : Snapping geometry point 5486 to curve (distance = 3.67223e-08)
Info    : Snapping geometry point 5486 to curve (distance = 1.83287e-08)
Info    : Snapping geometry point 5490 to curve (distance = 1.253e-08)
Info    : Snapping geometry point 5490 to curve (distance = 2.5066e-08)
Info    : Snapping geometry point 5492 to curve (distance = 2.73619e-08)
Info    : Snapping geometry point 5492 to curve (distance = 2.73619e-08)
Info    : Snapping geometry point 5493 to curve (distance = 1.69163e-07)
Info    : Snapping geometry point 5493 to curve (distance = 1.69021e-07)
Info    : Snapping geometry point 5494 to curve (distance = 4.23661e-07)
Info    : Snapping geometry point 5494 to curve (distance = 4.23218e-07)
Info    : Snapping geometry point 5497 to curve (distance = 1.45686e-07)
Info    : Snapping geometry point 5497 to curve (distance = 2.23839e-07)
Info    : Snapping geometry point 5497 to curve (distance = 1.91012e-07)
Info    : Snapping geometry point 5498 to curve (distance = 3.10232e-07)
Info    : Snapping geometry point 5498 to curve (distance = 3.12371e-07)
Info    : Snapping geometry point 5498 to curve (distance = 1.5674e-07)
Info    : Snapping geometry point 5500 to curve (distance = 2.89703e-06)
Info    : Snapping geometry point 5500 to curve (distance = 1.56124e-05)
Info    : Snapping geometry point 5501 to curve (distance = 1.15451e-08)
Info    : Snapping geometry point 5501 to curve (distance = 1.15493e-08)
Info    : Snapping geometry point 5501 to curve (distance = 1.15417e-08)
Info    : Snapping geometry point 5502 to curve (distance = 2.13641e-08)
Info    : Snapping geometry point 5502 to curve (distance = 4.27292e-08)
Info    : Snapping geometry point 5502 to curve (distance = 2.13667e-08)
Info    : Snapping geometry point 5506 to curve (distance = 4.23661e-07)
Info    : Snapping geometry point 5506 to curve (distance = 4.23424e-07)
Info    : Snapping geometry point 5507 to curve (distance = 2.2894e-07)
Info    : Snapping geometry point 5508 to curve (distance = 2.74033e-08)
Info    : Snapping geometry point 5508 to curve (distance = 2.74033e-08)
Info    : Snapping geometry point 5510 to curve (distance = 2.63177e-08)
Info    : Snapping geometry point 5510 to curve (distance = 5.26309e-08)
Info    : Snapping geometry point 5520 to curve (distance = 3.35656e-08)
Info    : Snapping geometry point 5520 to curve (distance = 1.77769e-08)
Info    : Snapping geometry point 5521 to curve (distance = 5.13641e-05)
Info    : Snapping geometry point 5521 to curve (distance = 5.13641e-05)
Info    : Snapping geometry point 5521 to curve (distance = 5.14332e-05)
Info    : Snapping geometry point 5525 to curve (distance = 2.6964e-08)
Info    : Snapping geometry point 5526 to curve (distance = 3.72812e-08)
Info    : Snapping geometry point 5526 to curve (distance = 3.72812e-08)
Info    : Snapping geometry point 5541 to curve (distance = 2.5553e-06)
Info    : Snapping geometry point 5541 to curve (distance = 5.14451e-06)
Info    : Snapping geometry point 5541 to curve (distance = 2.11795e-07)
Info    : Snapping geometry point 5542 to curve (distance = 5.96159e-08)
Info    : Snapping geometry point 5542 to curve (distance = 6.0272e-08)
Info    : Snapping geometry point 5542 to curve (distance = 4.92032e-08)
Info    : Snapping geometry point 5563 to curve (distance = 5.32812e-07)
Info    : Snapping geometry point 5563 to curve (distance = 2.83069e-06)
Info    : Snapping geometry point 5563 to curve (distance = 4.95898e-06)
Info    : Snapping geometry point 5584 to curve (distance = 3.95753e-08)
Info    : Snapping geometry point 5584 to curve (distance = 2.12468e-08)
Info    : Snapping geometry point 5587 to curve (distance = 5.18553e-06)
Info    : Snapping geometry point 5587 to curve (distance = 9.42986e-06)
Info    : Snapping geometry point 5587 to curve (distance = 9.42986e-06)
Info    : Snapping geometry point 5587 to curve (distance = 4.60204e-06)
Info    : Snapping geometry point 5605 to curve (distance = 1.06339e-07)
Info    : Snapping geometry point 5605 to curve (distance = 1.06418e-07)
Info    : Snapping geometry point 5605 to curve (distance = 4.70718e-08)
Info    : Snapping geometry point 5607 to curve (distance = 4.059e-08)
Info    : Snapping geometry point 5607 to curve (distance = 4.25604e-08)
Info    : Snapping geometry point 5607 to curve (distance = 3.43947e-08)
Info    : Snapping geometry point 5616 to curve (distance = 2.73742e-08)
Info    : Snapping geometry point 5616 to curve (distance = 5.47432e-08)
Info    : Snapping geometry point 5618 to curve (distance = 4.62181e-06)
Info    : Snapping geometry point 5618 to curve (distance = 9.67792e-06)
Info    : Snapping geometry point 5618 to curve (distance = 4.58549e-06)
Info    : Snapping geometry point 5623 to curve (distance = 1.05966e-07)
Info    : Snapping geometry point 5623 to curve (distance = 1.05678e-07)
Info    : Snapping geometry point 5623 to curve (distance = 1.05678e-07)
Info    : Snapping geometry point 5626 to curve (distance = 8.21712e-06)
Info    : Snapping geometry point 5626 to curve (distance = 1.67496e-05)
Info    : Snapping geometry point 5626 to curve (distance = 6.36258e-06)
Info    : Snapping geometry point 5626 to curve (distance = 6.36258e-06)
Info    : Snapping geometry point 5629 to curve (distance = 8.1701e-07)
Info    : Snapping geometry point 5629 to curve (distance = 2.66716e-07)
Info    : Snapping geometry point 5629 to curve (distance = 2.48346e-06)
Info    : Snapping geometry point 5630 to curve (distance = 1.55989e-07)
Info    : Snapping geometry point 5630 to curve (distance = 7.39917e-08)
Info    : Snapping geometry point 5638 to curve (distance = 2.40675e-07)
Info    : Snapping geometry point 5638 to curve (distance = 1.81714e-08)
Info    : Snapping geometry point 5641 to curve (distance = 5.18818e-05)
Info    : Snapping geometry point 5641 to curve (distance = 0.000111066)
Info    : Snapping geometry point 5642 to curve (distance = 2.10681e-08)
Info    : Snapping geometry point 5645 to curve (distance = 1.21479e-07)
Info    : Snapping geometry point 5647 to curve (distance = 1.73497e-07)
Info    : Snapping geometry point 5647 to curve (distance = 1.09604e-08)
Info    : Snapping geometry point 5652 to curve (distance = 1.24682e-08)
Info    : Snapping geometry point 5652 to curve (distance = 1.24682e-08)
Info    : Snapping geometry point 5657 to curve (distance = 1.27243e-08)
Info    : Snapping geometry point 5657 to curve (distance = 1.27243e-08)
Info    : Snapping geometry point 5660 to curve (distance = 4.23324e-08)
Info    : Snapping geometry point 5660 to curve (distance = 4.23324e-08)
Info    : Snapping geometry point 5661 to curve (distance = 2.11342e-07)
Info    : Snapping geometry point 5661 to curve (distance = 6.23118e-07)
Info    : Snapping geometry point 5661 to curve (distance = 6.66629e-07)
Info    : Snapping geometry point 5663 to curve (distance = 1.05418e-05)
Info    : Snapping geometry point 5663 to curve (distance = 1.84933e-05)
Info    : Snapping geometry point 5663 to curve (distance = 5.46758e-06)
Info    : Snapping geometry point 5664 to curve (distance = 1.70801e-07)
Info    : Snapping geometry point 5664 to curve (distance = 2.47382e-08)
Info    : Snapping geometry point 5675 to curve (distance = 2.64279e-08)
Info    : Snapping geometry point 5677 to curve (distance = 1.58302e-08)
Info    : Snapping geometry point 5680 to curve (distance = 4.12461e-08)
Info    : Snapping geometry point 5703 to curve (distance = 6.78633e-05)
Info    : Snapping geometry point 5703 to curve (distance = 6.78633e-05)
Info    : Snapping geometry point 5703 to curve (distance = 6.78633e-05)
Info    : Snapping geometry point 5705 to curve (distance = 2.86425e-06)
Info    : Snapping geometry point 5705 to curve (distance = 5.72851e-06)
Info    : Snapping geometry point 5707 to curve (distance = 1.42506e-07)
Info    : Snapping geometry point 5767 to curve (distance = 1.38968e-07)
Info    : Snapping geometry point 5784 to curve (distance = 5.65149e-08)
Info    : Snapping geometry point 5784 to curve (distance = 1.44227e-08)
Info    : Snapping geometry point 5786 to curve (distance = 1.73187e-06)
Info    : Snapping geometry point 5789 to curve (distance = 1.09806e-07)
Info    : Snapping geometry point 5792 to curve (distance = 9.46935e-08)
Info    : Snapping geometry point 5792 to curve (distance = 4.10321e-08)
Info    : Snapping geometry point 5795 to curve (distance = 4.51389e-07)
Info    : Snapping geometry point 5838 to curve (distance = 6.00062e-08)
Info    : Snapping geometry point 5840 to curve (distance = 1.43649e-07)
Info    : Snapping geometry point 5843 to curve (distance = 1.33123e-06)
Info    : Snapping geometry point 5843 to curve (distance = 4.41029e-07)
Info    : Snapping geometry point 5877 to curve (distance = 2.8295e-07)
Info    : Snapping geometry point 5877 to curve (distance = 5.26772e-08)
Info    : Snapping geometry point 5878 to curve (distance = 1.47597e-07)
Info    : Snapping geometry point 5905 to curve (distance = 3.27182e-06)
Info    : Snapping geometry point 5905 to curve (distance = 3.27182e-06)
Info    : Snapping geometry point 5906 to curve (distance = 7.4138e-07)
Info    : Snapping geometry point 5907 to curve (distance = 1.27544e-06)
Info    : Snapping geometry point 5908 to curve (distance = 2.60975e-06)
Info    : Snapping geometry point 5922 to curve (distance = 3.88058e-08)
Info    : Snapping geometry point 5928 to curve (distance = 3.066e-07)
Info    : Snapping geometry point 5929 to curve (distance = 3.49555e-05)
Info    : Snapping geometry point 5929 to curve (distance = 7.26763e-05)
Info    : Snapping geometry point 5930 to curve (distance = 1.62208e-05)
Info    : Snapping geometry point 5930 to curve (distance = 3.25372e-05)
Info    : Snapping geometry point 5935 to curve (distance = 6.11057e-05)
Info    : Snapping geometry point 5935 to curve (distance = 5.87612e-05)
Info    : Snapping geometry point 5935 to curve (distance = 6.90267e-05)
Info    : Snapping geometry point 5936 to curve (distance = 2.83193e-07)
Info    : Snapping geometry point 6079 to curve (distance = 3.40432e-08)
Info    : Snapping geometry point 6185 to curve (distance = 2.392e-08)
Info    : Snapping geometry point 6192 to curve (distance = 5.61141e-08)
Info    : Snapping geometry point 6195 to curve (distance = 2.07204e-08)
Info    : Snapping geometry point 6212 to curve (distance = 1.62822e-08)
Info    : Snapping geometry point 6215 to curve (distance = 1.43979e-08)
Info    : Snapping geometry point 6336 to curve (distance = 4.93174e-08)
Info    : Snapping geometry point 6338 to curve (distance = 7.93796e-07)
Info    : Snapping geometry point 6340 to curve (distance = 1.46312e-07)
Info    : Snapping geometry point 6340 to curve (distance = 4.39912e-08)
Info    : Snapping geometry point 6439 to curve (distance = 1.72648e-07)
Info    : Snapping geometry point 6439 to curve (distance = 7.39917e-08)
Info    : Snapping geometry point 6440 to curve (distance = 2.11133e-07)
Info    : Snapping geometry point 6440 to curve (distance = 6.55226e-08)
Info    : Snapping geometry point 6440 to curve (distance = 6.03017e-07)
Info    : Snapping geometry point 6449 to curve (distance = 1.58257e-08)
Info    : Snapping geometry point 6451 to curve (distance = 1.47695e-07)
Info    : Snapping geometry point 6452 to curve (distance = 0.000110418)
Info    : Snapping geometry point 6452 to curve (distance = 0.000220075)
Info    : Snapping geometry point 6452 to curve (distance = 0.000108896)
Info    : Snapping geometry point 6453 to curve (distance = 1.93024e-08)
Info    : Snapping geometry point 6456 to curve (distance = 2.91133e-08)
Info    : Snapping geometry point 6459 to curve (distance = 1.18171e-08)
Info    : Snapping geometry point 6463 to curve (distance = 1.31941e-08)
Info    : Snapping geometry point 6463 to curve (distance = 1.31941e-08)
Info    : Snapping geometry point 6468 to curve (distance = 1.27243e-08)
Info    : Snapping geometry point 6468 to curve (distance = 1.27243e-08)
Info    : Snapping geometry point 6471 to curve (distance = 4.23324e-08)
Info    : Snapping geometry point 6471 to curve (distance = 4.23324e-08)
Info    : Snapping geometry point 6473 to curve (distance = 6.66629e-07)
Info    : Snapping geometry point 6473 to curve (distance = 6.23118e-07)
Info    : Snapping geometry point 6473 to curve (distance = 2.11342e-07)
Info    : Snapping geometry point 6475 to curve (distance = 1.61798e-07)
Info    : Snapping geometry point 6475 to curve (distance = 1.61798e-07)
Info    : Snapping geometry point 6477 to curve (distance = 4.80553e-07)
Info    : Snapping geometry point 6480 to curve (distance = 1.12359e-05)
Info    : Snapping geometry point 6480 to curve (distance = 1.88233e-05)
Info    : Snapping geometry point 6480 to curve (distance = 5.48001e-06)
Info    : Snapping geometry point 6482 to curve (distance = 2.28532e-08)
Info    : Snapping geometry point 6483 to curve (distance = 2.12912e-06)
Info    : Snapping geometry point 6483 to curve (distance = 8.90507e-06)
Info    : Snapping geometry point 6483 to curve (distance = 1.63687e-05)
Info    : Snapping geometry point 6493 to curve (distance = 2.75515e-08)
Info    : Snapping geometry point 6495 to curve (distance = 3.56083e-08)
Info    : Snapping geometry point 6522 to curve (distance = 4.31897e-08)
Info    : Snapping geometry point 6522 to curve (distance = 6.78633e-05)
Info    : Snapping geometry point 6522 to curve (distance = 0.000135727)
Info    : Snapping geometry point 6524 to curve (distance = 1.2557e-06)
Info    : Snapping geometry point 6526 to curve (distance = 3.30335e-07)
Info    : Snapping geometry point 6526 to curve (distance = 1.01776e-07)
Info    : Snapping geometry point 6529 to curve (distance = 1.8638e-08)
Info    : Snapping geometry point 6531 to curve (distance = 3.93691e-07)
Info    : Snapping geometry point 6532 to curve (distance = 6.48693e-07)
Info    : Snapping geometry point 6532 to curve (distance = 2.70536e-07)
Info    : Snapping geometry point 6535 to curve (distance = 4.02968e-07)
Info    : Snapping geometry point 6538 to curve (distance = 1.90998e-07)
Info    : Snapping geometry point 6538 to curve (distance = 5.97595e-08)
Info    : Snapping geometry point 6561 to curve (distance = 8.95617e-08)
Info    : Snapping geometry point 6561 to curve (distance = 2.38001e-08)
Info    : Snapping geometry point 6563 to curve (distance = 6.55654e-06)
Info    : Snapping geometry point 6565 to curve (distance = 1.0577e-06)
Info    : Snapping geometry point 6568 to curve (distance = 1.65452e-06)
Info    : Snapping geometry point 6568 to curve (distance = 6.57391e-07)
Info    : Snapping geometry point 6571 to curve (distance = 4.77914e-06)
Info    : Snapping geometry point 6615 to curve (distance = 1.36187e-07)
Info    : Snapping geometry point 6615 to curve (distance = 4.12186e-08)
Info    : Snapping geometry point 6617 to curve (distance = 1.85166e-07)
Info    : Snapping geometry point 6618 to curve (distance = 1.38796e-07)
Info    : Snapping geometry point 6618 to curve (distance = 4.77337e-08)
Info    : Snapping geometry point 6655 to curve (distance = 5.54129e-07)
Info    : Snapping geometry point 6655 to curve (distance = 1.00422e-07)
Info    : Snapping geometry point 6658 to curve (distance = 1.22168e-07)
Info    : Snapping geometry point 6683 to curve (distance = 1.44876e-06)
Info    : Snapping geometry point 6685 to curve (distance = 6.94041e-07)
Info    : Snapping geometry point 6686 to curve (distance = 9.91891e-07)
Info    : Snapping geometry point 6686 to curve (distance = 1.60643e-07)
Info    : Snapping geometry point 6700 to curve (distance = 5.5038e-07)
Info    : Snapping geometry point 6706 to curve (distance = 1.635e-07)
Info    : Snapping geometry point 6707 to curve (distance = 1.00642e-05)
Info    : Snapping geometry point 6707 to curve (distance = 2.00242e-05)
Info    : Snapping geometry point 6708 to curve (distance = 3.78674e-05)
Info    : Snapping geometry point 6708 to curve (distance = 3.78674e-05)
Info    : Snapping geometry point 6708 to curve (distance = 3.78674e-05)
Info    : Snapping geometry point 6713 to curve (distance = 6.5417e-05)
Info    : Snapping geometry point 6713 to curve (distance = 6.48256e-05)
Info    : Snapping geometry point 6713 to curve (distance = 6.6485e-05)
Info    : Snapping geometry point 6714 to curve (distance = 5.09659e-07)
Info    : Snapping geometry point 6856 to curve (distance = 6.57782e-08)
Info    : Snapping geometry point 6962 to curve (distance = 2.86863e-08)
Info    : Snapping geometry point 6969 to curve (distance = 8.48725e-08)
Info    : Snapping geometry point 6971 to curve (distance = 1.97748e-08)
Info    : Snapping geometry point 6973 to curve (distance = 6.24229e-08)
Info    : Snapping geometry point 6983 to curve (distance = 2.03681e-07)
Info    : Snapping geometry point 6983 to curve (distance = 3.68246e-07)
Info    : Snapping geometry point 6992 to curve (distance = 1.0242e-08)
Info    : Snapping geometry point 6993 to curve (distance = 2.67648e-08)
Info    : Snapping geometry point 6994 to curve (distance = 4.20734e-08)
Info    : Snapping geometry point 6997 to curve (distance = 7.24738e-08)
Info    : Snapping geometry point 7001 to curve (distance = 1.97498e-08)
Info    : Snapping geometry point 7116 to curve (distance = 1.11328e-07)
Info    : Snapping geometry point 7117 to curve (distance = 3.93189e-07)
Info    : Snapping geometry point 7119 to curve (distance = 5.96658e-07)
Info    : Snapping geometry point 7119 to curve (distance = 1.73408e-07)
Info    : Snapping geometry point 10711 to curve (distance = 1.16991e-08)
Info    : Snapping geometry point 10740 to curve (distance = 1.16991e-08)
Info    : Snapping geometry point 10779 to curve (distance = 1.28513e-08)
Info    : Snapping geometry point 10779 to curve (distance = 1.28513e-08)
Info    : Snapping geometry point 10779 to curve (distance = 1.28513e-08)
Info    : Snapping geometry point 10779 to curve (distance = 1.28513e-08)
Info    : Snapping geometry point 10781 to curve (distance = 1.15014e-08)
Info    : Snapping geometry point 10781 to curve (distance = 1.15014e-08)
Info    : Snapping geometry point 10781 to curve (distance = 1.12718e-08)
Info    : Snapping geometry point 10781 to curve (distance = 1.12718e-08)
Info    : Snapping geometry point 10794 to curve (distance = 3.59104e-08)
Info    : Snapping geometry point 10794 to curve (distance = 3.59104e-08)
Info    : Snapping geometry point 10794 to curve (distance = 3.49819e-08)
Info    : Snapping geometry point 10794 to curve (distance = 3.49819e-08)
Info    : Snapping geometry point 10795 to curve (distance = 1.24567e-08)
Info    : Snapping geometry point 10795 to curve (distance = 1.24567e-08)
Info    : Snapping geometry point 10810 to curve (distance = 2.96143e-06)
Info    : Snapping geometry point 10810 to curve (distance = 1.14942e-06)
Info    : Snapping geometry point 10812 to curve (distance = 3.00135e-06)
Info    : Snapping geometry point 10812 to curve (distance = 1.95135e-06)
Info    : Snapping geometry point 10814 to curve (distance = 9.165e-08)
Info    : Snapping geometry point 10821 to curve (distance = 3.49819e-08)
Info    : Snapping geometry point 10821 to curve (distance = 3.49819e-08)
Info    : Snapping geometry point 10833 to curve (distance = 1.12718e-08)
Info    : Snapping geometry point 10833 to curve (distance = 1.12718e-08)
Info    : Snapping geometry point 10835 to curve (distance = 1.28513e-08)
Info    : Snapping geometry point 10835 to curve (distance = 1.28513e-08)
Info    : Snapping geometry point 10904 to curve (distance = 7.58998e-08)
Info    : Snapping geometry point 10906 to curve (distance = 3.89731e-08)
Info    : Snapping geometry point 10908 to curve (distance = 3.43983e-08)
Info    : Snapping geometry point 10917 to curve (distance = 1.60108e-06)
Info    : Snapping geometry point 10917 to curve (distance = 5.18999e-07)
Info    : Snapping geometry point 10930 to curve (distance = 5.14873e-07)
Info    : Snapping geometry point 10930 to curve (distance = 1.49026e-07)
Info    : Snapping geometry point 10933 to curve (distance = 1.32207e-08)
Info    : Snapping geometry point 10933 to curve (distance = 1.32207e-08)
Info    : Snapping geometry point 10962 to curve (distance = 6.13974e-08)
Info    : Snapping geometry point 10962 to curve (distance = 6.13974e-08)
Info    : Snapping geometry point 10968 to curve (distance = 7.94469e-08)
Info    : Snapping geometry point 10968 to curve (distance = 7.94469e-08)
Info    : Snapping geometry point 10972 to curve (distance = 3.15641e-08)
Info    : Snapping geometry point 10972 to curve (distance = 3.15641e-08)
Info    : Snapping geometry point 11020 to curve (distance = 3.46523e-06)
Info    : Snapping geometry point 11031 to curve (distance = 2.92723e-07)
Info    : Snapping geometry point 11031 to curve (distance = 1.56005e-07)
Info    : Snapping geometry point 11107 to curve (distance = 1.88315e-08)
Info    : Snapping geometry point 11109 to curve (distance = 5.17878e-08)
Info    : Snapping geometry point 11110 to curve (distance = 2.69109e-07)
Info    : Snapping geometry point 11118 to curve (distance = 5.34606e-07)
Info    : Snapping geometry point 11118 to curve (distance = 1.65353e-07)
Info    : Snapping geometry point 11127 to curve (distance = 2.03898e-06)
Info    : Snapping geometry point 11127 to curve (distance = 6.15356e-07)
Info    : Snapping geometry point 11131 to curve (distance = 1.32207e-08)
Info    : Snapping geometry point 11131 to curve (distance = 1.32207e-08)
Info    : Snapping geometry point 11156 to curve (distance = 6.13974e-08)
Info    : Snapping geometry point 11156 to curve (distance = 6.13974e-08)
Info    : Snapping geometry point 11161 to curve (distance = 7.94469e-08)
Info    : Snapping geometry point 11161 to curve (distance = 7.94469e-08)
Info    : Snapping geometry point 11207 to curve (distance = 1.10338e-08)
Info    : Snapping geometry point 11209 to curve (distance = 9.80601e-07)
Info    : Snapping geometry point 11227 to curve (distance = 1.06078e-07)
Info    : Snapping geometry point 11227 to curve (distance = 6.75957e-08)
Info    : Snapping geometry point 11228 to curve (distance = 6.44055e-07)
Info    : Snapping geometry point 11228 to curve (distance = 4.1585e-07)
Info    : Snapping geometry point 11242 to curve (distance = 2.72926e-06)
Info    : Snapping geometry point 11291 to curve (distance = 3.15641e-08)
Info    : Snapping geometry point 11291 to curve (distance = 3.15641e-08)
Info    : Done reading '/Users/brisarojas/Desktop/phantom_simulation/run_2l_phantom/3v_model.xao'
>> Loaded geometry: Volumes=3, Surfaces=9360
